{"numTotalTestSuites":4,"numPassedTestSuites":0,"numFailedTestSuites":4,"numPendingTestSuites":0,"numTotalTests":0,"numPassedTests":0,"numFailedTests":0,"numPendingTests":0,"numTodoTests":0,"snapshot":{"added":0,"failure":false,"filesAdded":0,"filesRemoved":0,"filesRemovedList":[],"filesUnmatched":0,"filesUpdated":0,"matched":0,"total":0,"unchecked":0,"uncheckedKeysByFile":[],"unmatched":0,"updated":0,"didUpdate":false},"startTime":1761708380856,"success":false,"testResults":[{"assertionResults":[],"startTime":1761708380856,"endTime":1761708380856,"status":"failed","message":"No test suite found in file C:/Users/shyam/OneDrive/Desktop/2025 Projects/reddit/reflectiq/src/server/tests/integration/api-endpoints.test.ts","name":"C:/Users/shyam/OneDrive/Desktop/2025 Projects/reddit/reflectiq/src/server/tests/integration/api-endpoints.test.ts"},{"assertionResults":[],"startTime":1761708380856,"endTime":1761708380856,"status":"failed","message":"No test suite found in file C:/Users/shyam/OneDrive/Desktop/2025 Projects/reddit/reflectiq/src/server/tests/integration/game-engine.test.ts","name":"C:/Users/shyam/OneDrive/Desktop/2025 Projects/reddit/reflectiq/src/server/tests/integration/game-engine.test.ts"},{"assertionResults":[],"startTime":1761708380856,"endTime":1761708380856,"status":"failed","message":"No test suite found in file C:/Users/shyam/OneDrive/Desktop/2025 Projects/reddit/reflectiq/src/server/tests/integration/redis-manager.test.ts","name":"C:/Users/shyam/OneDrive/Desktop/2025 Projects/reddit/reflectiq/src/server/tests/integration/redis-manager.test.ts"},{"assertionResults":[],"startTime":1761708380856,"endTime":1761708380856,"status":"failed","message":"Cannot find module '/src/server/services/GameEngine.js' imported from 'C:/Users/shyam/OneDrive/Desktop/2025 Projects/reddit/reflectiq/src/server/tests/unit/game-engine.test.ts'","name":"C:/Users/shyam/OneDrive/Desktop/2025 Projects/reddit/reflectiq/src/server/tests/unit/game-engine.test.ts"}]}