{"numTotalTestSuites":165,"numPassedTestSuites":108,"numFailedTestSuites":57,"numPendingTestSuites":0,"numTotalTests":306,"numPassedTests":246,"numFailedTests":60,"numPendingTests":0,"numTodoTests":0,"snapshot":{"added":0,"failure":false,"filesAdded":0,"filesRemoved":0,"filesRemovedList":[],"filesUnmatched":0,"filesUpdated":0,"matched":0,"total":0,"unchecked":0,"uncheckedKeysByFile":[],"unmatched":0,"updated":0,"didUpdate":false},"startTime":1762429890531,"success":false,"testResults":[{"assertionResults":[{"ancestorTitles":["Performance Optimization Service","Entry/Exit Pair Caching"],"fullName":"Performance Optimization Service Entry/Exit Pair Caching should cache entry/exit pairs on first generation","status":"passed","title":"should cache entry/exit pairs on first generation","duration":9.073999999999614,"failureMessages":[],"meta":{}},{"ancestorTitles":["Performance Optimization Service","Entry/Exit Pair Caching"],"fullName":"Performance Optimization Service Entry/Exit Pair Caching should serve entry/exit pairs from cache on subsequent requests","status":"passed","title":"should serve entry/exit pairs from cache on subsequent requests","duration":1.6111000000000786,"failureMessages":[],"meta":{}},{"ancestorTitles":["Performance Optimization Service","Entry/Exit Pair Caching"],"fullName":"Performance Optimization Service Entry/Exit Pair Caching should handle cache miss gracefully","status":"passed","title":"should handle cache miss gracefully","duration":1.8202000000001135,"failureMessages":[],"meta":{}},{"ancestorTitles":["Performance Optimization Service","Validation Result Caching"],"fullName":"Performance Optimization Service Validation Result Caching should cache validation results on first validation","status":"passed","title":"should cache validation results on first validation","duration":1.831600000000435,"failureMessages":[],"meta":{}},{"ancestorTitles":["Performance Optimization Service","Validation Result Caching"],"fullName":"Performance Optimization Service Validation Result Caching should serve validation results from cache on subsequent requests","status":"passed","title":"should serve validation results from cache on subsequent requests","duration":0.9499999999998181,"failureMessages":[],"meta":{}},{"ancestorTitles":["Performance Optimization Service","Generation Metrics Recording"],"fullName":"Performance Optimization Service Generation Metrics Recording should record generation metrics with performance tracking","status":"passed","title":"should record generation metrics with performance tracking","duration":2.248700000000099,"failureMessages":[],"meta":{}},{"ancestorTitles":["Performance Optimization Service","Performance Analytics"],"fullName":"Performance Optimization Service Performance Analytics should provide comprehensive performance analytics","status":"passed","title":"should provide comprehensive performance analytics","duration":1.196700000000419,"failureMessages":[],"meta":{}},{"ancestorTitles":["Performance Optimization Service","Cache Warmup"],"fullName":"Performance Optimization Service Cache Warmup should warm up caches without errors","status":"passed","title":"should warm up caches without errors","duration":0.8581999999996697,"failureMessages":[],"meta":{}},{"ancestorTitles":["Cache Manager","Initialization"],"fullName":"Cache Manager Initialization should initialize cache manager successfully","status":"passed","title":"should initialize cache manager successfully","duration":4.772700000000441,"failureMessages":[],"meta":{}},{"ancestorTitles":["Cache Manager","Initialization"],"fullName":"Cache Manager Initialization should handle initialization errors gracefully","status":"passed","title":"should handle initialization errors gracefully","duration":1.805199999999786,"failureMessages":[],"meta":{}},{"ancestorTitles":["Cache Manager","Cache Health Monitoring"],"fullName":"Cache Manager Cache Health Monitoring should provide cache health status","status":"passed","title":"should provide cache health status","duration":4.032500000000255,"failureMessages":[],"meta":{}},{"ancestorTitles":["Cache Manager","Cache Statistics"],"fullName":"Cache Manager Cache Statistics should provide detailed cache statistics","status":"passed","title":"should provide detailed cache statistics","duration":1.2622000000001208,"failureMessages":[],"meta":{}},{"ancestorTitles":["Cache Manager","Configuration Updates"],"fullName":"Cache Manager Configuration Updates should update configuration successfully","status":"passed","title":"should update configuration successfully","duration":1.3998000000001412,"failureMessages":[],"meta":{}},{"ancestorTitles":["Cache Manager","Cache Operations"],"fullName":"Cache Manager Cache Operations should clear all caches successfully","status":"passed","title":"should clear all caches successfully","duration":1.0770000000002256,"failureMessages":[],"meta":{}},{"ancestorTitles":["Cache Manager","Cache Operations"],"fullName":"Cache Manager Cache Operations should warm up caches successfully","status":"passed","title":"should warm up caches successfully","duration":0.663300000000163,"failureMessages":[],"meta":{}},{"ancestorTitles":["Integration Tests"],"fullName":"Integration Tests should integrate performance optimization with puzzle generation","status":"passed","title":"should integrate performance optimization with puzzle generation","duration":3.68920000000071,"failureMessages":[],"meta":{}},{"ancestorTitles":["Integration Tests"],"fullName":"Integration Tests should handle cache failures gracefully","status":"passed","title":"should handle cache failures gracefully","duration":3.9332000000003973,"failureMessages":[],"meta":{}}],"startTime":1762429896709,"endTime":1762429896753.933,"status":"passed","message":"","name":"C:/Users/shyam/OneDrive/Desktop/2025 Projects/reddit/reflectiq/src/server/tests/performance-optimization.test.ts"},{"assertionResults":[{"ancestorTitles":["Difficulty-Specific Puzzle Generation","Easy Difficulty Generation"],"fullName":"Difficulty-Specific Puzzle Generation Easy Difficulty Generation should generate easy puzzles consistently","status":"failed","title":"should generate easy puzzles consistently","duration":30015.5008,"failureMessages":["Error: STACK_TRACE_ERROR\n    at task (file:///C:/Users/shyam/OneDrive/Desktop/2025%20Projects/reddit/reflectiq/node_modules/@vitest/runner/dist/index.js:633:27)\n    at Object.<anonymous> (file:///C:/Users/shyam/OneDrive/Desktop/2025%20Projects/reddit/reflectiq/node_modules/@vitest/runner/dist/index.js:660:16)\n    at Object.<anonymous> (file:///C:/Users/shyam/OneDrive/Desktop/2025%20Projects/reddit/reflectiq/node_modules/@vitest/runner/dist/index.js:457:28)\n    at chain (file:///C:/Users/shyam/OneDrive/Desktop/2025%20Projects/reddit/reflectiq/node_modules/@vitest/runner/dist/chunk-tasks.js:9:14)\n    at C:/Users/shyam/OneDrive/Desktop/2025 Projects/reddit/reflectiq/src/shared/tests/difficulty-specific-generation.test.ts:34:5\n    at file:///C:/Users/shyam/OneDrive/Desktop/2025%20Projects/reddit/reflectiq/node_modules/@vitest/runner/dist/index.js:735:40\n    at runWithSuite (file:///C:/Users/shyam/OneDrive/Desktop/2025%20Projects/reddit/reflectiq/node_modules/@vitest/runner/dist/index.js:1588:8)\n    at Object.collect (file:///C:/Users/shyam/OneDrive/Desktop/2025%20Projects/reddit/reflectiq/node_modules/@vitest/runner/dist/index.js:735:10)\n    at Object.collect (file:///C:/Users/shyam/OneDrive/Desktop/2025%20Projects/reddit/reflectiq/node_modules/@vitest/runner/dist/index.js:739:54)\n    at Object.collect (file:///C:/Users/shyam/OneDrive/Desktop/2025%20Projects/reddit/reflectiq/node_modules/@vitest/runner/dist/index.js:739:46)\n    at collectTests (file:///C:/Users/shyam/OneDrive/Desktop/2025%20Projects/reddit/reflectiq/node_modules/@vitest/runner/dist/index.js:1048:25)\n    at startTests (file:///C:/Users/shyam/OneDrive/Desktop/2025%20Projects/reddit/reflectiq/node_modules/@vitest/runner/dist/index.js:1556:17)\n    at file:///C:/Users/shyam/OneDrive/Desktop/2025%20Projects/reddit/reflectiq/node_modules/vitest/dist/chunks/base.B04-CjXH.js:76:64\n    at withEnv (file:///C:/Users/shyam/OneDrive/Desktop/2025%20Projects/reddit/reflectiq/node_modules/vitest/dist/chunks/base.B04-CjXH.js:57:3)\n    at run (file:///C:/Users/shyam/OneDrive/Desktop/2025%20Projects/reddit/reflectiq/node_modules/vitest/dist/chunks/base.B04-CjXH.js:72:144)"],"meta":{}},{"ancestorTitles":["Difficulty-Specific Puzzle Generation","Easy Difficulty Generation"],"fullName":"Difficulty-Specific Puzzle Generation Easy Difficulty Generation should have appropriate material density for easy puzzles","status":"passed","title":"should have appropriate material density for easy puzzles","duration":15170,"failureMessages":[],"meta":{}},{"ancestorTitles":["Difficulty-Specific Puzzle Generation","Easy Difficulty Generation"],"fullName":"Difficulty-Specific Puzzle Generation Easy Difficulty Generation should generate valid solution paths for easy puzzles","status":"passed","title":"should generate valid solution paths for easy puzzles","duration":15141.541100000002,"failureMessages":[],"meta":{}},{"ancestorTitles":["Difficulty-Specific Puzzle Generation","Medium Difficulty Generation"],"fullName":"Difficulty-Specific Puzzle Generation Medium Difficulty Generation should generate medium puzzles consistently","status":"failed","title":"should generate medium puzzles consistently","duration":30002.764299999995,"failureMessages":["Error: STACK_TRACE_ERROR\n    at task (file:///C:/Users/shyam/OneDrive/Desktop/2025%20Projects/reddit/reflectiq/node_modules/@vitest/runner/dist/index.js:633:27)\n    at Object.<anonymous> (file:///C:/Users/shyam/OneDrive/Desktop/2025%20Projects/reddit/reflectiq/node_modules/@vitest/runner/dist/index.js:660:16)\n    at Object.<anonymous> (file:///C:/Users/shyam/OneDrive/Desktop/2025%20Projects/reddit/reflectiq/node_modules/@vitest/runner/dist/index.js:457:28)\n    at chain (file:///C:/Users/shyam/OneDrive/Desktop/2025%20Projects/reddit/reflectiq/node_modules/@vitest/runner/dist/chunk-tasks.js:9:14)\n    at C:/Users/shyam/OneDrive/Desktop/2025 Projects/reddit/reflectiq/src/shared/tests/difficulty-specific-generation.test.ts:81:5\n    at file:///C:/Users/shyam/OneDrive/Desktop/2025%20Projects/reddit/reflectiq/node_modules/@vitest/runner/dist/index.js:735:40\n    at runWithSuite (file:///C:/Users/shyam/OneDrive/Desktop/2025%20Projects/reddit/reflectiq/node_modules/@vitest/runner/dist/index.js:1588:8)\n    at Object.collect (file:///C:/Users/shyam/OneDrive/Desktop/2025%20Projects/reddit/reflectiq/node_modules/@vitest/runner/dist/index.js:735:10)\n    at Object.collect (file:///C:/Users/shyam/OneDrive/Desktop/2025%20Projects/reddit/reflectiq/node_modules/@vitest/runner/dist/index.js:739:54)\n    at Object.collect (file:///C:/Users/shyam/OneDrive/Desktop/2025%20Projects/reddit/reflectiq/node_modules/@vitest/runner/dist/index.js:739:46)\n    at collectTests (file:///C:/Users/shyam/OneDrive/Desktop/2025%20Projects/reddit/reflectiq/node_modules/@vitest/runner/dist/index.js:1048:25)\n    at startTests (file:///C:/Users/shyam/OneDrive/Desktop/2025%20Projects/reddit/reflectiq/node_modules/@vitest/runner/dist/index.js:1556:17)\n    at file:///C:/Users/shyam/OneDrive/Desktop/2025%20Projects/reddit/reflectiq/node_modules/vitest/dist/chunks/base.B04-CjXH.js:76:64\n    at withEnv (file:///C:/Users/shyam/OneDrive/Desktop/2025%20Projects/reddit/reflectiq/node_modules/vitest/dist/chunks/base.B04-CjXH.js:57:3)\n    at run (file:///C:/Users/shyam/OneDrive/Desktop/2025%20Projects/reddit/reflectiq/node_modules/vitest/dist/chunks/base.B04-CjXH.js:72:144)"],"meta":{}},{"ancestorTitles":["Difficulty-Specific Puzzle Generation","Medium Difficulty Generation"],"fullName":"Difficulty-Specific Puzzle Generation Medium Difficulty Generation should have appropriate complexity for medium puzzles","status":"passed","title":"should have appropriate complexity for medium puzzles","duration":15245.705400000006,"failureMessages":[],"meta":{}},{"ancestorTitles":["Difficulty-Specific Puzzle Generation","Medium Difficulty Generation"],"fullName":"Difficulty-Specific Puzzle Generation Medium Difficulty Generation should maintain solution uniqueness for medium puzzles","status":"passed","title":"should maintain solution uniqueness for medium puzzles","duration":15242.433699999994,"failureMessages":[],"meta":{}},{"ancestorTitles":["Difficulty-Specific Puzzle Generation","Hard Difficulty Generation with Adaptive Reduction"],"fullName":"Difficulty-Specific Puzzle Generation Hard Difficulty Generation with Adaptive Reduction should generate hard puzzles or adapt difficulty gracefully","status":"passed","title":"should generate hard puzzles or adapt difficulty gracefully","duration":15186.702099999995,"failureMessages":[],"meta":{}},{"ancestorTitles":["Difficulty-Specific Puzzle Generation","Hard Difficulty Generation with Adaptive Reduction"],"fullName":"Difficulty-Specific Puzzle Generation Hard Difficulty Generation with Adaptive Reduction should track adaptive difficulty reduction in metadata","status":"failed","title":"should track adaptive difficulty reduction in metadata","duration":15253.946599999996,"failureMessages":["AssertionError: expected 'legacy' to be 'guaranteed' // Object.is equality\n    at C:/Users/shyam/OneDrive/Desktop/2025 Projects/reddit/reflectiq/src/shared/tests/difficulty-specific-generation.test.ts:144:35\n    at file:///C:/Users/shyam/OneDrive/Desktop/2025%20Projects/reddit/reflectiq/node_modules/@vitest/runner/dist/index.js:753:20"],"meta":{}},{"ancestorTitles":["Difficulty-Specific Puzzle Generation","Hard Difficulty Generation with Adaptive Reduction"],"fullName":"Difficulty-Specific Puzzle Generation Hard Difficulty Generation with Adaptive Reduction should never fail to generate a puzzle","status":"failed","title":"should never fail to generate a puzzle","duration":30008.86170000001,"failureMessages":["Error: STACK_TRACE_ERROR\n    at task (file:///C:/Users/shyam/OneDrive/Desktop/2025%20Projects/reddit/reflectiq/node_modules/@vitest/runner/dist/index.js:633:27)\n    at Object.<anonymous> (file:///C:/Users/shyam/OneDrive/Desktop/2025%20Projects/reddit/reflectiq/node_modules/@vitest/runner/dist/index.js:660:16)\n    at Object.<anonymous> (file:///C:/Users/shyam/OneDrive/Desktop/2025%20Projects/reddit/reflectiq/node_modules/@vitest/runner/dist/index.js:457:28)\n    at chain (file:///C:/Users/shyam/OneDrive/Desktop/2025%20Projects/reddit/reflectiq/node_modules/@vitest/runner/dist/chunk-tasks.js:9:14)\n    at C:/Users/shyam/OneDrive/Desktop/2025 Projects/reddit/reflectiq/src/shared/tests/difficulty-specific-generation.test.ts:153:5\n    at file:///C:/Users/shyam/OneDrive/Desktop/2025%20Projects/reddit/reflectiq/node_modules/@vitest/runner/dist/index.js:735:40\n    at runWithSuite (file:///C:/Users/shyam/OneDrive/Desktop/2025%20Projects/reddit/reflectiq/node_modules/@vitest/runner/dist/index.js:1588:8)\n    at Object.collect (file:///C:/Users/shyam/OneDrive/Desktop/2025%20Projects/reddit/reflectiq/node_modules/@vitest/runner/dist/index.js:735:10)\n    at Object.collect (file:///C:/Users/shyam/OneDrive/Desktop/2025%20Projects/reddit/reflectiq/node_modules/@vitest/runner/dist/index.js:739:54)\n    at Object.collect (file:///C:/Users/shyam/OneDrive/Desktop/2025%20Projects/reddit/reflectiq/node_modules/@vitest/runner/dist/index.js:739:46)\n    at collectTests (file:///C:/Users/shyam/OneDrive/Desktop/2025%20Projects/reddit/reflectiq/node_modules/@vitest/runner/dist/index.js:1048:25)\n    at startTests (file:///C:/Users/shyam/OneDrive/Desktop/2025%20Projects/reddit/reflectiq/node_modules/@vitest/runner/dist/index.js:1556:17)\n    at file:///C:/Users/shyam/OneDrive/Desktop/2025%20Projects/reddit/reflectiq/node_modules/vitest/dist/chunks/base.B04-CjXH.js:76:64\n    at withEnv (file:///C:/Users/shyam/OneDrive/Desktop/2025%20Projects/reddit/reflectiq/node_modules/vitest/dist/chunks/base.B04-CjXH.js:57:3)\n    at run (file:///C:/Users/shyam/OneDrive/Desktop/2025%20Projects/reddit/reflectiq/node_modules/vitest/dist/chunks/base.B04-CjXH.js:72:144)"],"meta":{}},{"ancestorTitles":["Difficulty-Specific Puzzle Generation","Hard Difficulty Generation with Adaptive Reduction"],"fullName":"Difficulty-Specific Puzzle Generation Hard Difficulty Generation with Adaptive Reduction should maintain high quality even with adaptive difficulty","status":"failed","title":"should maintain high quality even with adaptive difficulty","duration":15251.755199999985,"failureMessages":["AssertionError: expected false to be true // Object.is equality\n    at C:/Users/shyam/OneDrive/Desktop/2025 Projects/reddit/reflectiq/src/shared/tests/difficulty-specific-generation.test.ts:175:40\n    at file:///C:/Users/shyam/OneDrive/Desktop/2025%20Projects/reddit/reflectiq/node_modules/@vitest/runner/dist/index.js:753:20"],"meta":{}},{"ancestorTitles":["Difficulty-Specific Puzzle Generation","Cross-Difficulty Consistency"],"fullName":"Difficulty-Specific Puzzle Generation Cross-Difficulty Consistency should generate all difficulty levels without failure","status":"failed","title":"should generate all difficulty levels without failure","duration":30010.92730000001,"failureMessages":["Error: STACK_TRACE_ERROR\n    at task (file:///C:/Users/shyam/OneDrive/Desktop/2025%20Projects/reddit/reflectiq/node_modules/@vitest/runner/dist/index.js:633:27)\n    at Object.<anonymous> (file:///C:/Users/shyam/OneDrive/Desktop/2025%20Projects/reddit/reflectiq/node_modules/@vitest/runner/dist/index.js:660:16)\n    at Object.<anonymous> (file:///C:/Users/shyam/OneDrive/Desktop/2025%20Projects/reddit/reflectiq/node_modules/@vitest/runner/dist/index.js:457:28)\n    at chain (file:///C:/Users/shyam/OneDrive/Desktop/2025%20Projects/reddit/reflectiq/node_modules/@vitest/runner/dist/chunk-tasks.js:9:14)\n    at C:/Users/shyam/OneDrive/Desktop/2025 Projects/reddit/reflectiq/src/shared/tests/difficulty-specific-generation.test.ts:184:5\n    at file:///C:/Users/shyam/OneDrive/Desktop/2025%20Projects/reddit/reflectiq/node_modules/@vitest/runner/dist/index.js:735:40\n    at runWithSuite (file:///C:/Users/shyam/OneDrive/Desktop/2025%20Projects/reddit/reflectiq/node_modules/@vitest/runner/dist/index.js:1588:8)\n    at Object.collect (file:///C:/Users/shyam/OneDrive/Desktop/2025%20Projects/reddit/reflectiq/node_modules/@vitest/runner/dist/index.js:735:10)\n    at Object.collect (file:///C:/Users/shyam/OneDrive/Desktop/2025%20Projects/reddit/reflectiq/node_modules/@vitest/runner/dist/index.js:739:54)\n    at Object.collect (file:///C:/Users/shyam/OneDrive/Desktop/2025%20Projects/reddit/reflectiq/node_modules/@vitest/runner/dist/index.js:739:46)\n    at collectTests (file:///C:/Users/shyam/OneDrive/Desktop/2025%20Projects/reddit/reflectiq/node_modules/@vitest/runner/dist/index.js:1048:25)\n    at startTests (file:///C:/Users/shyam/OneDrive/Desktop/2025%20Projects/reddit/reflectiq/node_modules/@vitest/runner/dist/index.js:1556:17)\n    at file:///C:/Users/shyam/OneDrive/Desktop/2025%20Projects/reddit/reflectiq/node_modules/vitest/dist/chunks/base.B04-CjXH.js:76:64\n    at withEnv (file:///C:/Users/shyam/OneDrive/Desktop/2025%20Projects/reddit/reflectiq/node_modules/vitest/dist/chunks/base.B04-CjXH.js:57:3)\n    at run (file:///C:/Users/shyam/OneDrive/Desktop/2025%20Projects/reddit/reflectiq/node_modules/vitest/dist/chunks/base.B04-CjXH.js:72:144)"],"meta":{}},{"ancestorTitles":["Difficulty-Specific Puzzle Generation","Cross-Difficulty Consistency"],"fullName":"Difficulty-Specific Puzzle Generation Cross-Difficulty Consistency should show progressive complexity across difficulties","status":"failed","title":"should show progressive complexity across difficulties","duration":30021.949500000017,"failureMessages":["Error: STACK_TRACE_ERROR\n    at task (file:///C:/Users/shyam/OneDrive/Desktop/2025%20Projects/reddit/reflectiq/node_modules/@vitest/runner/dist/index.js:633:27)\n    at Object.<anonymous> (file:///C:/Users/shyam/OneDrive/Desktop/2025%20Projects/reddit/reflectiq/node_modules/@vitest/runner/dist/index.js:660:16)\n    at Object.<anonymous> (file:///C:/Users/shyam/OneDrive/Desktop/2025%20Projects/reddit/reflectiq/node_modules/@vitest/runner/dist/index.js:457:28)\n    at chain (file:///C:/Users/shyam/OneDrive/Desktop/2025%20Projects/reddit/reflectiq/node_modules/@vitest/runner/dist/chunk-tasks.js:9:14)\n    at C:/Users/shyam/OneDrive/Desktop/2025 Projects/reddit/reflectiq/src/shared/tests/difficulty-specific-generation.test.ts:204:5\n    at file:///C:/Users/shyam/OneDrive/Desktop/2025%20Projects/reddit/reflectiq/node_modules/@vitest/runner/dist/index.js:735:40\n    at runWithSuite (file:///C:/Users/shyam/OneDrive/Desktop/2025%20Projects/reddit/reflectiq/node_modules/@vitest/runner/dist/index.js:1588:8)\n    at Object.collect (file:///C:/Users/shyam/OneDrive/Desktop/2025%20Projects/reddit/reflectiq/node_modules/@vitest/runner/dist/index.js:735:10)\n    at Object.collect (file:///C:/Users/shyam/OneDrive/Desktop/2025%20Projects/reddit/reflectiq/node_modules/@vitest/runner/dist/index.js:739:54)\n    at Object.collect (file:///C:/Users/shyam/OneDrive/Desktop/2025%20Projects/reddit/reflectiq/node_modules/@vitest/runner/dist/index.js:739:46)\n    at collectTests (file:///C:/Users/shyam/OneDrive/Desktop/2025%20Projects/reddit/reflectiq/node_modules/@vitest/runner/dist/index.js:1048:25)\n    at startTests (file:///C:/Users/shyam/OneDrive/Desktop/2025%20Projects/reddit/reflectiq/node_modules/@vitest/runner/dist/index.js:1556:17)\n    at file:///C:/Users/shyam/OneDrive/Desktop/2025%20Projects/reddit/reflectiq/node_modules/vitest/dist/chunks/base.B04-CjXH.js:76:64\n    at withEnv (file:///C:/Users/shyam/OneDrive/Desktop/2025%20Projects/reddit/reflectiq/node_modules/vitest/dist/chunks/base.B04-CjXH.js:57:3)\n    at run (file:///C:/Users/shyam/OneDrive/Desktop/2025%20Projects/reddit/reflectiq/node_modules/vitest/dist/chunks/base.B04-CjXH.js:72:144)"],"meta":{}},{"ancestorTitles":["Difficulty-Specific Puzzle Generation","Cross-Difficulty Consistency"],"fullName":"Difficulty-Specific Puzzle Generation Cross-Difficulty Consistency should track generation metrics for all difficulties","status":"failed","title":"should track generation metrics for all difficulties","duration":30003.87050000002,"failureMessages":["Error: STACK_TRACE_ERROR\n    at task (file:///C:/Users/shyam/OneDrive/Desktop/2025%20Projects/reddit/reflectiq/node_modules/@vitest/runner/dist/index.js:633:27)\n    at Object.<anonymous> (file:///C:/Users/shyam/OneDrive/Desktop/2025%20Projects/reddit/reflectiq/node_modules/@vitest/runner/dist/index.js:660:16)\n    at Object.<anonymous> (file:///C:/Users/shyam/OneDrive/Desktop/2025%20Projects/reddit/reflectiq/node_modules/@vitest/runner/dist/index.js:457:28)\n    at chain (file:///C:/Users/shyam/OneDrive/Desktop/2025%20Projects/reddit/reflectiq/node_modules/@vitest/runner/dist/chunk-tasks.js:9:14)\n    at C:/Users/shyam/OneDrive/Desktop/2025 Projects/reddit/reflectiq/src/shared/tests/difficulty-specific-generation.test.ts:221:5\n    at file:///C:/Users/shyam/OneDrive/Desktop/2025%20Projects/reddit/reflectiq/node_modules/@vitest/runner/dist/index.js:735:40\n    at runWithSuite (file:///C:/Users/shyam/OneDrive/Desktop/2025%20Projects/reddit/reflectiq/node_modules/@vitest/runner/dist/index.js:1588:8)\n    at Object.collect (file:///C:/Users/shyam/OneDrive/Desktop/2025%20Projects/reddit/reflectiq/node_modules/@vitest/runner/dist/index.js:735:10)\n    at Object.collect (file:///C:/Users/shyam/OneDrive/Desktop/2025%20Projects/reddit/reflectiq/node_modules/@vitest/runner/dist/index.js:739:54)\n    at Object.collect (file:///C:/Users/shyam/OneDrive/Desktop/2025%20Projects/reddit/reflectiq/node_modules/@vitest/runner/dist/index.js:739:46)\n    at collectTests (file:///C:/Users/shyam/OneDrive/Desktop/2025%20Projects/reddit/reflectiq/node_modules/@vitest/runner/dist/index.js:1048:25)\n    at startTests (file:///C:/Users/shyam/OneDrive/Desktop/2025%20Projects/reddit/reflectiq/node_modules/@vitest/runner/dist/index.js:1556:17)\n    at file:///C:/Users/shyam/OneDrive/Desktop/2025%20Projects/reddit/reflectiq/node_modules/vitest/dist/chunks/base.B04-CjXH.js:76:64\n    at withEnv (file:///C:/Users/shyam/OneDrive/Desktop/2025%20Projects/reddit/reflectiq/node_modules/vitest/dist/chunks/base.B04-CjXH.js:57:3)\n    at run (file:///C:/Users/shyam/OneDrive/Desktop/2025%20Projects/reddit/reflectiq/node_modules/vitest/dist/chunks/base.B04-CjXH.js:72:144)"],"meta":{}},{"ancestorTitles":["Difficulty-Specific Puzzle Generation","Adaptive Difficulty Mechanism"],"fullName":"Difficulty-Specific Puzzle Generation Adaptive Difficulty Mechanism should reduce difficulty progressively when hard generation fails","status":"passed","title":"should reduce difficulty progressively when hard generation fails","duration":15278.213600000017,"failureMessages":[],"meta":{}},{"ancestorTitles":["Difficulty-Specific Puzzle Generation","Adaptive Difficulty Mechanism"],"fullName":"Difficulty-Specific Puzzle Generation Adaptive Difficulty Mechanism should never throw errors even with impossible constraints","status":"failed","title":"should never throw errors even with impossible constraints","duration":15247.75,"failureMessages":["AssertionError: expected false to be true // Object.is equality\n    at C:/Users/shyam/OneDrive/Desktop/2025 Projects/reddit/reflectiq/src/shared/tests/difficulty-specific-generation.test.ts:273:68\n    at file:///C:/Users/shyam/OneDrive/Desktop/2025%20Projects/reddit/reflectiq/node_modules/@vitest/runner/dist/index.js:753:20"],"meta":{}},{"ancestorTitles":["Difficulty-Specific Puzzle Generation","Performance and Quality Metrics"],"fullName":"Difficulty-Specific Puzzle Generation Performance and Quality Metrics should complete generation within reasonable time limits","status":"failed","title":"should complete generation within reasonable time limits","duration":15279.13500000001,"failureMessages":["AssertionError: expected 15275 to be less than 15000\n    at C:/Users/shyam/OneDrive/Desktop/2025 Projects/reddit/reflectiq/src/shared/tests/difficulty-specific-generation.test.ts:284:30\n    at file:///C:/Users/shyam/OneDrive/Desktop/2025%20Projects/reddit/reflectiq/node_modules/@vitest/runner/dist/index.js:753:20"],"meta":{}},{"ancestorTitles":["Difficulty-Specific Puzzle Generation","Performance and Quality Metrics"],"fullName":"Difficulty-Specific Puzzle Generation Performance and Quality Metrics should maintain confidence scores above minimum thresholds","status":"failed","title":"should maintain confidence scores above minimum thresholds","duration":15142.870999999985,"failureMessages":["AssertionError: expected 17 to be greater than 30\n    at C:/Users/shyam/OneDrive/Desktop/2025 Projects/reddit/reflectiq/src/shared/tests/difficulty-specific-generation.test.ts:300:43\n    at file:///C:/Users/shyam/OneDrive/Desktop/2025%20Projects/reddit/reflectiq/node_modules/@vitest/runner/dist/index.js:753:20"],"meta":{}}],"startTime":1762429895198,"endTime":1762430242704.871,"status":"failed","message":"","name":"C:/Users/shyam/OneDrive/Desktop/2025 Projects/reddit/reflectiq/src/shared/tests/difficulty-specific-generation.test.ts"},{"assertionResults":[{"ancestorTitles":["EnhancedPuzzleEngine","Configuration Management"],"fullName":"EnhancedPuzzleEngine Configuration Management should have default configuration","status":"passed","title":"should have default configuration","duration":7.963400000000547,"failureMessages":[],"meta":{}},{"ancestorTitles":["EnhancedPuzzleEngine","Configuration Management"],"fullName":"EnhancedPuzzleEngine Configuration Management should allow configuration updates","status":"passed","title":"should allow configuration updates","duration":1.2532000000001062,"failureMessages":[],"meta":{}},{"ancestorTitles":["EnhancedPuzzleEngine","Spacing Validation"],"fullName":"EnhancedPuzzleEngine Spacing Validation should validate spacing constraints correctly","status":"passed","title":"should validate spacing constraints correctly","duration":0.9936999999999898,"failureMessages":[],"meta":{}},{"ancestorTitles":["EnhancedPuzzleEngine","Spacing Validation"],"fullName":"EnhancedPuzzleEngine Spacing Validation should enforce different minimum distances for different difficulties","status":"passed","title":"should enforce different minimum distances for different difficulties","duration":1.2416999999995824,"failureMessages":[],"meta":{}},{"ancestorTitles":["EnhancedPuzzleEngine","Metrics Collection"],"fullName":"EnhancedPuzzleEngine Metrics Collection should initialize with empty metrics","status":"passed","title":"should initialize with empty metrics","duration":1.4032999999999447,"failureMessages":[],"meta":{}},{"ancestorTitles":["EnhancedPuzzleEngine","Metrics Collection"],"fullName":"EnhancedPuzzleEngine Metrics Collection should provide difficulty-specific metrics","status":"passed","title":"should provide difficulty-specific metrics","duration":1.1609000000007654,"failureMessages":[],"meta":{}},{"ancestorTitles":["EnhancedPuzzleEngine","Metrics Collection"],"fullName":"EnhancedPuzzleEngine Metrics Collection should provide performance trends","status":"passed","title":"should provide performance trends","duration":1.3230000000003201,"failureMessages":[],"meta":{}},{"ancestorTitles":["EnhancedPuzzleEngine","Metrics Collection"],"fullName":"EnhancedPuzzleEngine Metrics Collection should export metrics in different formats","status":"passed","title":"should export metrics in different formats","duration":8.422700000000077,"failureMessages":[],"meta":{}},{"ancestorTitles":["EnhancedPuzzleEngine","Legacy Compatibility"],"fullName":"EnhancedPuzzleEngine Legacy Compatibility should maintain backward compatibility with legacy methods","status":"passed","title":"should maintain backward compatibility with legacy methods","duration":2.566299999999501,"failureMessages":[],"meta":{}},{"ancestorTitles":["EnhancedPuzzleEngine","Legacy Compatibility"],"fullName":"EnhancedPuzzleEngine Legacy Compatibility should demonstrate enhanced generation capabilities","status":"passed","title":"should demonstrate enhanced generation capabilities","duration":9144.194500000001,"failureMessages":[],"meta":{}},{"ancestorTitles":["EnhancedPuzzleEngine","Legacy Compatibility"],"fullName":"EnhancedPuzzleEngine Legacy Compatibility should handle generation with fallback gracefully","status":"passed","title":"should handle generation with fallback gracefully","duration":9149.454000000002,"failureMessages":[],"meta":{}},{"ancestorTitles":["EnhancedPuzzleEngine","Error Handling"],"fullName":"EnhancedPuzzleEngine Error Handling should handle invalid configurations gracefully","status":"passed","title":"should handle invalid configurations gracefully","duration":1.6372000000010303,"failureMessages":[],"meta":{}},{"ancestorTitles":["EnhancedPuzzleEngine","Error Handling"],"fullName":"EnhancedPuzzleEngine Error Handling should handle memory management","status":"passed","title":"should handle memory management","duration":2.1714000000029046,"failureMessages":[],"meta":{}},{"ancestorTitles":["EnhancedPuzzleEngine","Service Integration"],"fullName":"EnhancedPuzzleEngine Service Integration should integrate with all required services","status":"passed","title":"should integrate with all required services","duration":1.07039999999688,"failureMessages":[],"meta":{}}],"startTime":1762429895199,"endTime":1762429913528.0703,"status":"passed","message":"","name":"C:/Users/shyam/OneDrive/Desktop/2025 Projects/reddit/reflectiq/src/shared/tests/enhanced-puzzle-engine.test.ts"},{"assertionResults":[{"ancestorTitles":["Guaranteed Generation Types","Interface Compatibility"],"fullName":"Guaranteed Generation Types Interface Compatibility should have properly typed EntryExitPair interface","status":"passed","title":"should have properly typed EntryExitPair interface","duration":20.29319999999825,"failureMessages":[],"meta":{}},{"ancestorTitles":["Guaranteed Generation Types","Interface Compatibility"],"fullName":"Guaranteed Generation Types Interface Compatibility should have properly typed PathPlan interface","status":"passed","title":"should have properly typed PathPlan interface","duration":4.557099999999991,"failureMessages":[],"meta":{}},{"ancestorTitles":["Guaranteed Generation Types","Interface Compatibility"],"fullName":"Guaranteed Generation Types Interface Compatibility should have properly typed ValidationResult interface","status":"passed","title":"should have properly typed ValidationResult interface","duration":1.4852000000009866,"failureMessages":[],"meta":{}},{"ancestorTitles":["Guaranteed Generation Types","Constants Validation"],"fullName":"Guaranteed Generation Types Constants Validation should have valid spacing constraints for all difficulties","status":"passed","title":"should have valid spacing constraints for all difficulties","duration":2.558100000000195,"failureMessages":[],"meta":{}},{"ancestorTitles":["Guaranteed Generation Types","Constants Validation"],"fullName":"Guaranteed Generation Types Constants Validation should have valid generation configuration","status":"passed","title":"should have valid generation configuration","duration":1.3506999999990512,"failureMessages":[],"meta":{}},{"ancestorTitles":["Guaranteed Generation Types","Constants Validation"],"fullName":"Guaranteed Generation Types Constants Validation should have valid generation thresholds","status":"passed","title":"should have valid generation thresholds","duration":0.9619999999995343,"failureMessages":[],"meta":{}},{"ancestorTitles":["Guaranteed Generation Types","EnhancedPuzzleEngine Implementation"],"fullName":"Guaranteed Generation Types EnhancedPuzzleEngine Implementation should create enhanced puzzle engine instance","status":"passed","title":"should create enhanced puzzle engine instance","duration":1.5779999999995198,"failureMessages":[],"meta":{}},{"ancestorTitles":["Guaranteed Generation Types","EnhancedPuzzleEngine Implementation"],"fullName":"Guaranteed Generation Types EnhancedPuzzleEngine Implementation should validate spacing constraints correctly","status":"passed","title":"should validate spacing constraints correctly","duration":0.9650999999994383,"failureMessages":[],"meta":{}},{"ancestorTitles":["Guaranteed Generation Types","EnhancedPuzzleEngine Implementation"],"fullName":"Guaranteed Generation Types EnhancedPuzzleEngine Implementation should maintain backward compatibility with legacy methods","status":"passed","title":"should maintain backward compatibility with legacy methods","duration":1.2373000000006869,"failureMessages":[],"meta":{}},{"ancestorTitles":["Guaranteed Generation Types","Type Safety"],"fullName":"Guaranteed Generation Types Type Safety should enforce correct difficulty types","status":"passed","title":"should enforce correct difficulty types","duration":3.560800000001109,"failureMessages":[],"meta":{}},{"ancestorTitles":["Guaranteed Generation Types","Type Safety"],"fullName":"Guaranteed Generation Types Type Safety should enforce correct GridPosition format","status":"passed","title":"should enforce correct GridPosition format","duration":1.9436000000005151,"failureMessages":[],"meta":{}}],"startTime":1762429899860,"endTime":1762429899903.9436,"status":"passed","message":"","name":"C:/Users/shyam/OneDrive/Desktop/2025 Projects/reddit/reflectiq/src/shared/tests/guaranteed-generation-types.test.ts"},{"assertionResults":[{"ancestorTitles":["Time Formatting Consistency","Format Compatibility"],"fullName":"Time Formatting Consistency Format Compatibility should produce compatible formats for times under 10 minutes","status":"passed","title":"should produce compatible formats for times under 10 minutes","duration":5.336599999998725,"failureMessages":[],"meta":{}},{"ancestorTitles":["Time Formatting Consistency","Format Compatibility"],"fullName":"Time Formatting Consistency Format Compatibility should handle times over 10 minutes correctly","status":"passed","title":"should handle times over 10 minutes correctly","duration":0.7166999999990367,"failureMessages":[],"meta":{}},{"ancestorTitles":["Time Formatting Consistency","Format Compatibility"],"fullName":"Time Formatting Consistency Format Compatibility should match exact requirement examples","status":"passed","title":"should match exact requirement examples","duration":0.7171999999991385,"failureMessages":[],"meta":{}},{"ancestorTitles":["Time Formatting Consistency","Edge Cases"],"fullName":"Time Formatting Consistency Edge Cases should handle zero time correctly","status":"passed","title":"should handle zero time correctly","duration":0.5635000000002037,"failureMessages":[],"meta":{}},{"ancestorTitles":["Time Formatting Consistency","Edge Cases"],"fullName":"Time Formatting Consistency Edge Cases should handle exactly 1 minute correctly","status":"passed","title":"should handle exactly 1 minute correctly","duration":0.43209999999999127,"failureMessages":[],"meta":{}},{"ancestorTitles":["Time Formatting Consistency","Edge Cases"],"fullName":"Time Formatting Consistency Edge Cases should handle exactly 10 minutes correctly","status":"passed","title":"should handle exactly 10 minutes correctly","duration":0.42809999999917636,"failureMessages":[],"meta":{}},{"ancestorTitles":["Time Formatting Consistency","Edge Cases"],"fullName":"Time Formatting Consistency Edge Cases should handle times over 1 hour correctly","status":"passed","title":"should handle times over 1 hour correctly","duration":0.7783999999992375,"failureMessages":[],"meta":{}},{"ancestorTitles":["Time Formatting Consistency","Whole Seconds Validation"],"fullName":"Time Formatting Consistency Whole Seconds Validation should ensure timer provides whole seconds only","status":"passed","title":"should ensure timer provides whole seconds only","duration":1.3073000000003958,"failureMessages":[],"meta":{}},{"ancestorTitles":["Time Formatting Consistency","Whole Seconds Validation"],"fullName":"Time Formatting Consistency Whole Seconds Validation should handle fractional seconds by flooring","status":"passed","title":"should handle fractional seconds by flooring","duration":1.1873999999988882,"failureMessages":[],"meta":{}},{"ancestorTitles":["Time Formatting Consistency","Comment Template Integration"],"fullName":"Time Formatting Consistency Comment Template Integration should integrate correctly with comment template","status":"passed","title":"should integrate correctly with comment template","duration":0.9906000000009954,"failureMessages":[],"meta":{}},{"ancestorTitles":["Time Formatting Consistency","Comment Template Integration"],"fullName":"Time Formatting Consistency Comment Template Integration should match exact requirement format examples","status":"passed","title":"should match exact requirement format examples","duration":0.4315999999998894,"failureMessages":[],"meta":{}},{"ancestorTitles":["Time Formatting Consistency","Performance Considerations"],"fullName":"Time Formatting Consistency Performance Considerations should format times efficiently","status":"passed","title":"should format times efficiently","duration":1.279000000000451,"failureMessages":[],"meta":{}},{"ancestorTitles":["Time Formatting Consistency","Performance Considerations"],"fullName":"Time Formatting Consistency Performance Considerations should handle large time values without issues","status":"passed","title":"should handle large time values without issues","duration":2.5960999999988417,"failureMessages":[],"meta":{}}],"startTime":1762429897266,"endTime":1762429897284.5962,"status":"passed","message":"","name":"C:/Users/shyam/OneDrive/Desktop/2025 Projects/reddit/reflectiq/src/shared/tests/time-formatting-consistency.test.ts"},{"assertionResults":[],"startTime":1762429890531,"endTime":1762429890531,"status":"failed","message":"No test suite found in file C:/Users/shyam/OneDrive/Desktop/2025 Projects/reddit/reflectiq/src/server/tests/integration/api-endpoints.test.ts","name":"C:/Users/shyam/OneDrive/Desktop/2025 Projects/reddit/reflectiq/src/server/tests/integration/api-endpoints.test.ts"},{"assertionResults":[{"ancestorTitles":["End-to-End Performance and Workflow Tests","Complete Daily Puzzle Generation Workflow"],"fullName":"End-to-End Performance and Workflow Tests Complete Daily Puzzle Generation Workflow should complete full daily puzzle generation workflow within time limits","status":"passed","title":"should complete full daily puzzle generation workflow within time limits","duration":3800.3261,"failureMessages":[],"meta":{}},{"ancestorTitles":["End-to-End Performance and Workflow Tests","Complete Daily Puzzle Generation Workflow"],"fullName":"End-to-End Performance and Workflow Tests Complete Daily Puzzle Generation Workflow should handle concurrent daily puzzle generation requests efficiently","status":"passed","title":"should handle concurrent daily puzzle generation requests efficiently","duration":26.70929999999953,"failureMessages":[],"meta":{}},{"ancestorTitles":["End-to-End Performance and Workflow Tests","100% Success Rate Target Validation"],"fullName":"End-to-End Performance and Workflow Tests 100% Success Rate Target Validation should achieve 100% success rate across multiple generation attempts","status":"failed","title":"should achieve 100% success rate across multiple generation attempts","duration":30036.083600000005,"failureMessages":["Error: STACK_TRACE_ERROR\n    at task (file:///C:/Users/shyam/OneDrive/Desktop/2025%20Projects/reddit/reflectiq/node_modules/@vitest/runner/dist/index.js:633:27)\n    at Object.<anonymous> (file:///C:/Users/shyam/OneDrive/Desktop/2025%20Projects/reddit/reflectiq/node_modules/@vitest/runner/dist/index.js:660:16)\n    at Object.<anonymous> (file:///C:/Users/shyam/OneDrive/Desktop/2025%20Projects/reddit/reflectiq/node_modules/@vitest/runner/dist/index.js:457:28)\n    at chain (file:///C:/Users/shyam/OneDrive/Desktop/2025%20Projects/reddit/reflectiq/node_modules/@vitest/runner/dist/chunk-tasks.js:9:14)\n    at C:/Users/shyam/OneDrive/Desktop/2025 Projects/reddit/reflectiq/src/server/tests/integration/end-to-end-performance.test.ts:263:5\n    at file:///C:/Users/shyam/OneDrive/Desktop/2025%20Projects/reddit/reflectiq/node_modules/@vitest/runner/dist/index.js:735:40\n    at runWithSuite (file:///C:/Users/shyam/OneDrive/Desktop/2025%20Projects/reddit/reflectiq/node_modules/@vitest/runner/dist/index.js:1588:8)\n    at Object.collect (file:///C:/Users/shyam/OneDrive/Desktop/2025%20Projects/reddit/reflectiq/node_modules/@vitest/runner/dist/index.js:735:10)\n    at Object.collect (file:///C:/Users/shyam/OneDrive/Desktop/2025%20Projects/reddit/reflectiq/node_modules/@vitest/runner/dist/index.js:739:54)\n    at Object.collect (file:///C:/Users/shyam/OneDrive/Desktop/2025%20Projects/reddit/reflectiq/node_modules/@vitest/runner/dist/index.js:739:46)\n    at collectTests (file:///C:/Users/shyam/OneDrive/Desktop/2025%20Projects/reddit/reflectiq/node_modules/@vitest/runner/dist/index.js:1048:25)\n    at startTests (file:///C:/Users/shyam/OneDrive/Desktop/2025%20Projects/reddit/reflectiq/node_modules/@vitest/runner/dist/index.js:1556:17)\n    at file:///C:/Users/shyam/OneDrive/Desktop/2025%20Projects/reddit/reflectiq/node_modules/vitest/dist/chunks/base.B04-CjXH.js:76:64\n    at withEnv (file:///C:/Users/shyam/OneDrive/Desktop/2025%20Projects/reddit/reflectiq/node_modules/vitest/dist/chunks/base.B04-CjXH.js:57:3)\n    at run (file:///C:/Users/shyam/OneDrive/Desktop/2025%20Projects/reddit/reflectiq/node_modules/vitest/dist/chunks/base.B04-CjXH.js:72:144)"],"meta":{}},{"ancestorTitles":["End-to-End Performance and Workflow Tests","100% Success Rate Target Validation"],"fullName":"End-to-End Performance and Workflow Tests 100% Success Rate Target Validation should maintain success rate with fallback mechanisms","status":"passed","title":"should maintain success rate with fallback mechanisms","duration":2089.7747999999992,"failureMessages":[],"meta":{}},{"ancestorTitles":["End-to-End Performance and Workflow Tests","Generation Performance Measurement"],"fullName":"End-to-End Performance and Workflow Tests Generation Performance Measurement should measure and validate generation performance against 5-second requirement","status":"failed","title":"should measure and validate generation performance against 5-second requirement","duration":30009.348599999998,"failureMessages":["Error: STACK_TRACE_ERROR\n    at task (file:///C:/Users/shyam/OneDrive/Desktop/2025%20Projects/reddit/reflectiq/node_modules/@vitest/runner/dist/index.js:633:27)\n    at Object.<anonymous> (file:///C:/Users/shyam/OneDrive/Desktop/2025%20Projects/reddit/reflectiq/node_modules/@vitest/runner/dist/index.js:660:16)\n    at Object.<anonymous> (file:///C:/Users/shyam/OneDrive/Desktop/2025%20Projects/reddit/reflectiq/node_modules/@vitest/runner/dist/index.js:457:28)\n    at chain (file:///C:/Users/shyam/OneDrive/Desktop/2025%20Projects/reddit/reflectiq/node_modules/@vitest/runner/dist/chunk-tasks.js:9:14)\n    at C:/Users/shyam/OneDrive/Desktop/2025 Projects/reddit/reflectiq/src/server/tests/integration/end-to-end-performance.test.ts:387:5\n    at file:///C:/Users/shyam/OneDrive/Desktop/2025%20Projects/reddit/reflectiq/node_modules/@vitest/runner/dist/index.js:735:40\n    at runWithSuite (file:///C:/Users/shyam/OneDrive/Desktop/2025%20Projects/reddit/reflectiq/node_modules/@vitest/runner/dist/index.js:1588:8)\n    at Object.collect (file:///C:/Users/shyam/OneDrive/Desktop/2025%20Projects/reddit/reflectiq/node_modules/@vitest/runner/dist/index.js:735:10)\n    at Object.collect (file:///C:/Users/shyam/OneDrive/Desktop/2025%20Projects/reddit/reflectiq/node_modules/@vitest/runner/dist/index.js:739:54)\n    at Object.collect (file:///C:/Users/shyam/OneDrive/Desktop/2025%20Projects/reddit/reflectiq/node_modules/@vitest/runner/dist/index.js:739:46)\n    at collectTests (file:///C:/Users/shyam/OneDrive/Desktop/2025%20Projects/reddit/reflectiq/node_modules/@vitest/runner/dist/index.js:1048:25)\n    at startTests (file:///C:/Users/shyam/OneDrive/Desktop/2025%20Projects/reddit/reflectiq/node_modules/@vitest/runner/dist/index.js:1556:17)\n    at file:///C:/Users/shyam/OneDrive/Desktop/2025%20Projects/reddit/reflectiq/node_modules/vitest/dist/chunks/base.B04-CjXH.js:76:64\n    at withEnv (file:///C:/Users/shyam/OneDrive/Desktop/2025%20Projects/reddit/reflectiq/node_modules/vitest/dist/chunks/base.B04-CjXH.js:57:3)\n    at run (file:///C:/Users/shyam/OneDrive/Desktop/2025%20Projects/reddit/reflectiq/node_modules/vitest/dist/chunks/base.B04-CjXH.js:72:144)"],"meta":{}},{"ancestorTitles":["End-to-End Performance and Workflow Tests","Generation Performance Measurement"],"fullName":"End-to-End Performance and Workflow Tests Generation Performance Measurement should track and validate resource usage during generation","status":"failed","title":"should track and validate resource usage during generation","duration":19.625599999999395,"failureMessages":["Error: The property \"collectGenerationMetrics\" is not defined on the object.\n    at assert (file:///C:/Users/shyam/OneDrive/Desktop/2025%20Projects/reddit/reflectiq/node_modules/@vitest/spy/dist/index.js:227:9)\n    at Object.spyOn (file:///C:/Users/shyam/OneDrive/Desktop/2025%20Projects/reddit/reflectiq/node_modules/@vitest/spy/dist/index.js:148:2)\n    at C:/Users/shyam/OneDrive/Desktop/2025 Projects/reddit/reflectiq/src/server/tests/integration/end-to-end-performance.test.ts:471:10\n    at file:///C:/Users/shyam/OneDrive/Desktop/2025%20Projects/reddit/reflectiq/node_modules/@vitest/runner/dist/index.js:157:11\n    at file:///C:/Users/shyam/OneDrive/Desktop/2025%20Projects/reddit/reflectiq/node_modules/@vitest/runner/dist/index.js:753:26\n    at file:///C:/Users/shyam/OneDrive/Desktop/2025%20Projects/reddit/reflectiq/node_modules/@vitest/runner/dist/index.js:1636:20\n    at new Promise (<anonymous>)\n    at runWithTimeout (file:///C:/Users/shyam/OneDrive/Desktop/2025%20Projects/reddit/reflectiq/node_modules/@vitest/runner/dist/index.js:1602:10)\n    at runTest (file:///C:/Users/shyam/OneDrive/Desktop/2025%20Projects/reddit/reflectiq/node_modules/@vitest/runner/dist/index.js:1309:12)\n    at runSuite (file:///C:/Users/shyam/OneDrive/Desktop/2025%20Projects/reddit/reflectiq/node_modules/@vitest/runner/dist/index.js:1468:8)"],"meta":{}},{"ancestorTitles":["End-to-End Performance and Workflow Tests","Concurrent Generation Scenarios"],"fullName":"End-to-End Performance and Workflow Tests Concurrent Generation Scenarios should handle multiple simultaneous generation requests without conflicts","status":"passed","title":"should handle multiple simultaneous generation requests without conflicts","duration":3758.9281000000046,"failureMessages":[],"meta":{}},{"ancestorTitles":["End-to-End Performance and Workflow Tests","Concurrent Generation Scenarios"],"fullName":"End-to-End Performance and Workflow Tests Concurrent Generation Scenarios should maintain data consistency under concurrent access","status":"failed","title":"should maintain data consistency under concurrent access","duration":29.274199999999837,"failureMessages":["AssertionError: expected undefined to be defined\n    at C:/Users/shyam/OneDrive/Desktop/2025 Projects/reddit/reflectiq/src/server/tests/integration/end-to-end-performance.test.ts:629:29\n    at Array.forEach (<anonymous>)\n    at C:/Users/shyam/OneDrive/Desktop/2025 Projects/reddit/reflectiq/src/server/tests/integration/end-to-end-performance.test.ts:626:25\n    at file:///C:/Users/shyam/OneDrive/Desktop/2025%20Projects/reddit/reflectiq/node_modules/@vitest/runner/dist/index.js:753:20"],"meta":{}}],"startTime":1762429892746,"endTime":1762429962519.2742,"status":"failed","message":"","name":"C:/Users/shyam/OneDrive/Desktop/2025 Projects/reddit/reflectiq/src/server/tests/integration/end-to-end-performance.test.ts"},{"assertionResults":[],"startTime":1762429890531,"endTime":1762429890531,"status":"failed","message":"Cannot find package 'supertest' imported from 'C:/Users/shyam/OneDrive/Desktop/2025 Projects/reddit/reflectiq/src/server/tests/integration/end-to-end.test.ts'","name":"C:/Users/shyam/OneDrive/Desktop/2025 Projects/reddit/reflectiq/src/server/tests/integration/end-to-end.test.ts"},{"assertionResults":[],"startTime":1762429890531,"endTime":1762429890531,"status":"failed","message":"No test suite found in file C:/Users/shyam/OneDrive/Desktop/2025 Projects/reddit/reflectiq/src/server/tests/integration/enhanced-api-endpoints.test.ts","name":"C:/Users/shyam/OneDrive/Desktop/2025 Projects/reddit/reflectiq/src/server/tests/integration/enhanced-api-endpoints.test.ts"},{"assertionResults":[{"ancestorTitles":["Enhanced Puzzle Generation System Integration","Hint Generation System Integration"],"fullName":"Enhanced Puzzle Generation System Integration Hint Generation System Integration should integrate with existing hint generation for enhanced puzzles","status":"failed","title":"should integrate with existing hint generation for enhanced puzzles","duration":62.208700000000135,"failureMessages":["AssertionError: expected 2 to be 3 // Object.is equality\n    at C:/Users/shyam/OneDrive/Desktop/2025 Projects/reddit/reflectiq/src/server/tests/integration/enhanced-puzzle-integration.test.ts:138:43\n    at file:///C:/Users/shyam/OneDrive/Desktop/2025%20Projects/reddit/reflectiq/node_modules/@vitest/runner/dist/index.js:753:20"],"meta":{}},{"ancestorTitles":["Enhanced Puzzle Generation System Integration","Hint Generation System Integration"],"fullName":"Enhanced Puzzle Generation System Integration Hint Generation System Integration should maintain hint compatibility with legacy puzzles","status":"passed","title":"should maintain hint compatibility with legacy puzzles","duration":577.5221999999999,"failureMessages":[],"meta":{}},{"ancestorTitles":["Enhanced Puzzle Generation System Integration","Leaderboard and Scoring System Integration"],"fullName":"Enhanced Puzzle Generation System Integration Leaderboard and Scoring System Integration should integrate enhanced puzzles with leaderboard system","status":"passed","title":"should integrate enhanced puzzles with leaderboard system","duration":15.707899999999427,"failureMessages":[],"meta":{}},{"ancestorTitles":["Enhanced Puzzle Generation System Integration","Leaderboard and Scoring System Integration"],"fullName":"Enhanced Puzzle Generation System Integration Leaderboard and Scoring System Integration should handle enhanced puzzle scoring with generation metadata","status":"passed","title":"should handle enhanced puzzle scoring with generation metadata","duration":4.822900000000118,"failureMessages":[],"meta":{}},{"ancestorTitles":["Enhanced Puzzle Generation System Integration","Client-Side Puzzle Rendering Compatibility"],"fullName":"Enhanced Puzzle Generation System Integration Client-Side Puzzle Rendering Compatibility should ensure enhanced puzzles work with existing client rendering","status":"passed","title":"should ensure enhanced puzzles work with existing client rendering","duration":11.01930000000084,"failureMessages":[],"meta":{}},{"ancestorTitles":["Enhanced Puzzle Generation System Integration","Client-Side Puzzle Rendering Compatibility"],"fullName":"Enhanced Puzzle Generation System Integration Client-Side Puzzle Rendering Compatibility should maintain viewport constraints for Devvit Web client","status":"passed","title":"should maintain viewport constraints for Devvit Web client","duration":5.988100000000486,"failureMessages":[],"meta":{}},{"ancestorTitles":["Enhanced Puzzle Generation System Integration","Feature Flag Integration and Fallback Mechanisms"],"fullName":"Enhanced Puzzle Generation System Integration Feature Flag Integration and Fallback Mechanisms should seamlessly fallback to legacy generation when enhanced fails","status":"failed","title":"should seamlessly fallback to legacy generation when enhanced fails","duration":725.8741,"failureMessages":["TypeError: [AsyncFunction recordGenerationMetrics] is not a spy or a call to a spy!\n    at assertIsMock (file:///C:/Users/shyam/OneDrive/Desktop/2025%20Projects/reddit/reflectiq/node_modules/@vitest/expect/dist/index.js:1360:10)\n    at getSpy (file:///C:/Users/shyam/OneDrive/Desktop/2025%20Projects/reddit/reflectiq/node_modules/@vitest/expect/dist/index.js:1364:3)\n    at Proxy.<anonymous> (file:///C:/Users/shyam/OneDrive/Desktop/2025%20Projects/reddit/reflectiq/node_modules/@vitest/expect/dist/index.js:1380:15)\n    at Proxy.<anonymous> (file:///C:/Users/shyam/OneDrive/Desktop/2025%20Projects/reddit/reflectiq/node_modules/@vitest/expect/dist/index.js:1086:14)\n    at Proxy.methodWrapper (file:///C:/Users/shyam/OneDrive/Desktop/2025%20Projects/reddit/reflectiq/node_modules/chai/index.js:1701:25)\n    at C:/Users/shyam/OneDrive/Desktop/2025 Projects/reddit/reflectiq/src/server/tests/integration/enhanced-puzzle-integration.test.ts:399:58\n    at file:///C:/Users/shyam/OneDrive/Desktop/2025%20Projects/reddit/reflectiq/node_modules/@vitest/runner/dist/index.js:753:20"],"meta":{}},{"ancestorTitles":["Enhanced Puzzle Generation System Integration","Feature Flag Integration and Fallback Mechanisms"],"fullName":"Enhanced Puzzle Generation System Integration Feature Flag Integration and Fallback Mechanisms should handle feature flag configuration changes gracefully","status":"passed","title":"should handle feature flag configuration changes gracefully","duration":1954.754,"failureMessages":[],"meta":{}},{"ancestorTitles":["Enhanced Puzzle Generation System Integration","Redis Schema Compatibility"],"fullName":"Enhanced Puzzle Generation System Integration Redis Schema Compatibility should maintain backward compatibility with existing Redis keys","status":"failed","title":"should maintain backward compatibility with existing Redis keys","duration":5.036400000000867,"failureMessages":["AssertionError: expected \"vi.fn()\" to be called with arguments: [ 'reflectiq:puzzles:2024-01-20' ]\u001b[90m\n\nReceived: \n\n\u001b[1m  1st vi.fn() call:\n\n\u001b[22m\u001b[2m  [\u001b[22m\n\u001b[32m-   \"reflectiq:puzzles:2024-01-20\",\u001b[90m\n\u001b[31m+   \"reflectiq:puzzles:2025-11-06\",\u001b[90m\n\u001b[2m  ]\u001b[22m\n\u001b[39m\u001b[90m\n\nNumber of calls: \u001b[1m1\u001b[22m\n\u001b[39m\n    at Proxy.<anonymous> (file:///C:/Users/shyam/OneDrive/Desktop/2025%20Projects/reddit/reflectiq/node_modules/@vitest/expect/dist/index.js:1416:10)\n    at Proxy.<anonymous> (file:///C:/Users/shyam/OneDrive/Desktop/2025%20Projects/reddit/reflectiq/node_modules/@vitest/expect/dist/index.js:1086:14)\n    at Proxy.methodWrapper (file:///C:/Users/shyam/OneDrive/Desktop/2025%20Projects/reddit/reflectiq/node_modules/chai/index.js:1701:25)\n    at C:/Users/shyam/OneDrive/Desktop/2025 Projects/reddit/reflectiq/src/server/tests/integration/enhanced-puzzle-integration.test.ts:462:29\n    at file:///C:/Users/shyam/OneDrive/Desktop/2025%20Projects/reddit/reflectiq/node_modules/@vitest/runner/dist/index.js:753:20"],"meta":{}},{"ancestorTitles":["Enhanced Puzzle Generation System Integration","Redis Schema Compatibility"],"fullName":"Enhanced Puzzle Generation System Integration Redis Schema Compatibility should extend Redis schema without breaking existing functionality","status":"passed","title":"should extend Redis schema without breaking existing functionality","duration":2.8795999999993,"failureMessages":[],"meta":{}},{"ancestorTitles":["Enhanced Puzzle Generation System Integration","Error Handling and Recovery Integration"],"fullName":"Enhanced Puzzle Generation System Integration Error Handling and Recovery Integration should handle Redis failures gracefully across all systems","status":"failed","title":"should handle Redis failures gracefully across all systems","duration":30012.8134,"failureMessages":["Error: STACK_TRACE_ERROR\n    at task (file:///C:/Users/shyam/OneDrive/Desktop/2025%20Projects/reddit/reflectiq/node_modules/@vitest/runner/dist/index.js:633:27)\n    at Object.<anonymous> (file:///C:/Users/shyam/OneDrive/Desktop/2025%20Projects/reddit/reflectiq/node_modules/@vitest/runner/dist/index.js:660:16)\n    at Object.<anonymous> (file:///C:/Users/shyam/OneDrive/Desktop/2025%20Projects/reddit/reflectiq/node_modules/@vitest/runner/dist/index.js:457:28)\n    at chain (file:///C:/Users/shyam/OneDrive/Desktop/2025%20Projects/reddit/reflectiq/node_modules/@vitest/runner/dist/chunk-tasks.js:9:14)\n    at C:/Users/shyam/OneDrive/Desktop/2025 Projects/reddit/reflectiq/src/server/tests/integration/enhanced-puzzle-integration.test.ts:511:5\n    at file:///C:/Users/shyam/OneDrive/Desktop/2025%20Projects/reddit/reflectiq/node_modules/@vitest/runner/dist/index.js:735:40\n    at runWithSuite (file:///C:/Users/shyam/OneDrive/Desktop/2025%20Projects/reddit/reflectiq/node_modules/@vitest/runner/dist/index.js:1588:8)\n    at Object.collect (file:///C:/Users/shyam/OneDrive/Desktop/2025%20Projects/reddit/reflectiq/node_modules/@vitest/runner/dist/index.js:735:10)\n    at Object.collect (file:///C:/Users/shyam/OneDrive/Desktop/2025%20Projects/reddit/reflectiq/node_modules/@vitest/runner/dist/index.js:739:54)\n    at Object.collect (file:///C:/Users/shyam/OneDrive/Desktop/2025%20Projects/reddit/reflectiq/node_modules/@vitest/runner/dist/index.js:739:46)\n    at collectTests (file:///C:/Users/shyam/OneDrive/Desktop/2025%20Projects/reddit/reflectiq/node_modules/@vitest/runner/dist/index.js:1048:25)\n    at startTests (file:///C:/Users/shyam/OneDrive/Desktop/2025%20Projects/reddit/reflectiq/node_modules/@vitest/runner/dist/index.js:1556:17)\n    at file:///C:/Users/shyam/OneDrive/Desktop/2025%20Projects/reddit/reflectiq/node_modules/vitest/dist/chunks/base.B04-CjXH.js:76:64\n    at withEnv (file:///C:/Users/shyam/OneDrive/Desktop/2025%20Projects/reddit/reflectiq/node_modules/vitest/dist/chunks/base.B04-CjXH.js:57:3)\n    at run (file:///C:/Users/shyam/OneDrive/Desktop/2025%20Projects/reddit/reflectiq/node_modules/vitest/dist/chunks/base.B04-CjXH.js:72:144)"],"meta":{}},{"ancestorTitles":["Enhanced Puzzle Generation System Integration","Error Handling and Recovery Integration"],"fullName":"Enhanced Puzzle Generation System Integration Error Handling and Recovery Integration should maintain data consistency during partial failures","status":"passed","title":"should maintain data consistency during partial failures","duration":3.5961999999999534,"failureMessages":[],"meta":{}}],"startTime":1762429892800,"endTime":1762429926183.5962,"status":"failed","message":"","name":"C:/Users/shyam/OneDrive/Desktop/2025 Projects/reddit/reflectiq/src/server/tests/integration/enhanced-puzzle-integration.test.ts"},{"assertionResults":[{"ancestorTitles":["Error Handling and Recovery Mechanisms","Timeout Scenarios and Fallback Behavior"],"fullName":"Error Handling and Recovery Mechanisms Timeout Scenarios and Fallback Behavior should handle generation timeout with retry strategy","status":"failed","title":"should handle generation timeout with retry strategy","duration":26.063600000000406,"failureMessages":["TypeError: () => mockPuzzleService is not a constructor\n    at new Mock (file:///C:/Users/shyam/OneDrive/Desktop/2025%20Projects/reddit/reflectiq/node_modules/@vitest/spy/dist/index.js:256:27)\n    at new GenerationErrorHandler (C:/Users/shyam/OneDrive/Desktop/2025 Projects/reddit/reflectiq/src/server/services/GenerationErrorHandler.ts:53:26)\n    at Function.getInstance (C:/Users/shyam/OneDrive/Desktop/2025 Projects/reddit/reflectiq/src/server/services/GenerationErrorHandler.ts:58:41)\n    at C:/Users/shyam/OneDrive/Desktop/2025 Projects/reddit/reflectiq/src/server/tests/integration/error-handling-recovery.test.ts:151:43\n    at file:///C:/Users/shyam/OneDrive/Desktop/2025%20Projects/reddit/reflectiq/node_modules/@vitest/runner/dist/index.js:157:11\n    at file:///C:/Users/shyam/OneDrive/Desktop/2025%20Projects/reddit/reflectiq/node_modules/@vitest/runner/dist/index.js:1636:20\n    at new Promise (<anonymous>)\n    at runWithTimeout (file:///C:/Users/shyam/OneDrive/Desktop/2025%20Projects/reddit/reflectiq/node_modules/@vitest/runner/dist/index.js:1602:10)\n    at runHook (file:///C:/Users/shyam/OneDrive/Desktop/2025%20Projects/reddit/reflectiq/node_modules/@vitest/runner/dist/index.js:1171:51)\n    at callSuiteHook (file:///C:/Users/shyam/OneDrive/Desktop/2025%20Projects/reddit/reflectiq/node_modules/@vitest/runner/dist/index.js:1177:25)"],"meta":{}},{"ancestorTitles":["Error Handling and Recovery Mechanisms","Timeout Scenarios and Fallback Behavior"],"fullName":"Error Handling and Recovery Mechanisms Timeout Scenarios and Fallback Behavior should fallback to legacy generation after max timeout attempts","status":"failed","title":"should fallback to legacy generation after max timeout attempts","duration":3.7285000000001673,"failureMessages":["TypeError: () => mockPuzzleService is not a constructor\n    at new Mock (file:///C:/Users/shyam/OneDrive/Desktop/2025%20Projects/reddit/reflectiq/node_modules/@vitest/spy/dist/index.js:256:27)\n    at new GenerationErrorHandler (C:/Users/shyam/OneDrive/Desktop/2025 Projects/reddit/reflectiq/src/server/services/GenerationErrorHandler.ts:53:26)\n    at Function.getInstance (C:/Users/shyam/OneDrive/Desktop/2025 Projects/reddit/reflectiq/src/server/services/GenerationErrorHandler.ts:58:41)\n    at C:/Users/shyam/OneDrive/Desktop/2025 Projects/reddit/reflectiq/src/server/tests/integration/error-handling-recovery.test.ts:151:43\n    at file:///C:/Users/shyam/OneDrive/Desktop/2025%20Projects/reddit/reflectiq/node_modules/@vitest/runner/dist/index.js:157:11\n    at file:///C:/Users/shyam/OneDrive/Desktop/2025%20Projects/reddit/reflectiq/node_modules/@vitest/runner/dist/index.js:1636:20\n    at new Promise (<anonymous>)\n    at runWithTimeout (file:///C:/Users/shyam/OneDrive/Desktop/2025%20Projects/reddit/reflectiq/node_modules/@vitest/runner/dist/index.js:1602:10)\n    at runHook (file:///C:/Users/shyam/OneDrive/Desktop/2025%20Projects/reddit/reflectiq/node_modules/@vitest/runner/dist/index.js:1171:51)\n    at callSuiteHook (file:///C:/Users/shyam/OneDrive/Desktop/2025%20Projects/reddit/reflectiq/node_modules/@vitest/runner/dist/index.js:1177:25)"],"meta":{}},{"ancestorTitles":["Error Handling and Recovery Mechanisms","Timeout Scenarios and Fallback Behavior"],"fullName":"Error Handling and Recovery Mechanisms Timeout Scenarios and Fallback Behavior should handle fallback disabled scenario","status":"failed","title":"should handle fallback disabled scenario","duration":3.656600000000253,"failureMessages":["TypeError: () => mockPuzzleService is not a constructor\n    at new Mock (file:///C:/Users/shyam/OneDrive/Desktop/2025%20Projects/reddit/reflectiq/node_modules/@vitest/spy/dist/index.js:256:27)\n    at new GenerationErrorHandler (C:/Users/shyam/OneDrive/Desktop/2025 Projects/reddit/reflectiq/src/server/services/GenerationErrorHandler.ts:53:26)\n    at Function.getInstance (C:/Users/shyam/OneDrive/Desktop/2025 Projects/reddit/reflectiq/src/server/services/GenerationErrorHandler.ts:58:41)\n    at C:/Users/shyam/OneDrive/Desktop/2025 Projects/reddit/reflectiq/src/server/tests/integration/error-handling-recovery.test.ts:151:43\n    at file:///C:/Users/shyam/OneDrive/Desktop/2025%20Projects/reddit/reflectiq/node_modules/@vitest/runner/dist/index.js:157:11\n    at file:///C:/Users/shyam/OneDrive/Desktop/2025%20Projects/reddit/reflectiq/node_modules/@vitest/runner/dist/index.js:1636:20\n    at new Promise (<anonymous>)\n    at runWithTimeout (file:///C:/Users/shyam/OneDrive/Desktop/2025%20Projects/reddit/reflectiq/node_modules/@vitest/runner/dist/index.js:1602:10)\n    at runHook (file:///C:/Users/shyam/OneDrive/Desktop/2025%20Projects/reddit/reflectiq/node_modules/@vitest/runner/dist/index.js:1171:51)\n    at callSuiteHook (file:///C:/Users/shyam/OneDrive/Desktop/2025%20Projects/reddit/reflectiq/node_modules/@vitest/runner/dist/index.js:1177:25)"],"meta":{}},{"ancestorTitles":["Error Handling and Recovery Mechanisms","Timeout Scenarios and Fallback Behavior"],"fullName":"Error Handling and Recovery Mechanisms Timeout Scenarios and Fallback Behavior should handle concurrent timeout scenarios","status":"failed","title":"should handle concurrent timeout scenarios","duration":4.3653000000003885,"failureMessages":["TypeError: () => mockPuzzleService is not a constructor\n    at new Mock (file:///C:/Users/shyam/OneDrive/Desktop/2025%20Projects/reddit/reflectiq/node_modules/@vitest/spy/dist/index.js:256:27)\n    at new GenerationErrorHandler (C:/Users/shyam/OneDrive/Desktop/2025 Projects/reddit/reflectiq/src/server/services/GenerationErrorHandler.ts:53:26)\n    at Function.getInstance (C:/Users/shyam/OneDrive/Desktop/2025 Projects/reddit/reflectiq/src/server/services/GenerationErrorHandler.ts:58:41)\n    at C:/Users/shyam/OneDrive/Desktop/2025 Projects/reddit/reflectiq/src/server/tests/integration/error-handling-recovery.test.ts:151:43\n    at file:///C:/Users/shyam/OneDrive/Desktop/2025%20Projects/reddit/reflectiq/node_modules/@vitest/runner/dist/index.js:157:11\n    at file:///C:/Users/shyam/OneDrive/Desktop/2025%20Projects/reddit/reflectiq/node_modules/@vitest/runner/dist/index.js:1636:20\n    at new Promise (<anonymous>)\n    at runWithTimeout (file:///C:/Users/shyam/OneDrive/Desktop/2025%20Projects/reddit/reflectiq/node_modules/@vitest/runner/dist/index.js:1602:10)\n    at runHook (file:///C:/Users/shyam/OneDrive/Desktop/2025%20Projects/reddit/reflectiq/node_modules/@vitest/runner/dist/index.js:1171:51)\n    at callSuiteHook (file:///C:/Users/shyam/OneDrive/Desktop/2025%20Projects/reddit/reflectiq/node_modules/@vitest/runner/dist/index.js:1177:25)"],"meta":{}},{"ancestorTitles":["Error Handling and Recovery Mechanisms","Error Recovery Strategies Effectiveness"],"fullName":"Error Handling and Recovery Mechanisms Error Recovery Strategies Effectiveness should handle validation failure with constraint relaxation","status":"failed","title":"should handle validation failure with constraint relaxation","duration":6.1401999999998225,"failureMessages":["TypeError: () => mockPuzzleService is not a constructor\n    at new Mock (file:///C:/Users/shyam/OneDrive/Desktop/2025%20Projects/reddit/reflectiq/node_modules/@vitest/spy/dist/index.js:256:27)\n    at new GenerationErrorHandler (C:/Users/shyam/OneDrive/Desktop/2025 Projects/reddit/reflectiq/src/server/services/GenerationErrorHandler.ts:53:26)\n    at Function.getInstance (C:/Users/shyam/OneDrive/Desktop/2025 Projects/reddit/reflectiq/src/server/services/GenerationErrorHandler.ts:58:41)\n    at C:/Users/shyam/OneDrive/Desktop/2025 Projects/reddit/reflectiq/src/server/tests/integration/error-handling-recovery.test.ts:151:43\n    at file:///C:/Users/shyam/OneDrive/Desktop/2025%20Projects/reddit/reflectiq/node_modules/@vitest/runner/dist/index.js:157:11\n    at file:///C:/Users/shyam/OneDrive/Desktop/2025%20Projects/reddit/reflectiq/node_modules/@vitest/runner/dist/index.js:1636:20\n    at new Promise (<anonymous>)\n    at runWithTimeout (file:///C:/Users/shyam/OneDrive/Desktop/2025%20Projects/reddit/reflectiq/node_modules/@vitest/runner/dist/index.js:1602:10)\n    at runHook (file:///C:/Users/shyam/OneDrive/Desktop/2025%20Projects/reddit/reflectiq/node_modules/@vitest/runner/dist/index.js:1171:51)\n    at callSuiteHook (file:///C:/Users/shyam/OneDrive/Desktop/2025%20Projects/reddit/reflectiq/node_modules/@vitest/runner/dist/index.js:1177:25)"],"meta":{}},{"ancestorTitles":["Error Handling and Recovery Mechanisms","Error Recovery Strategies Effectiveness"],"fullName":"Error Handling and Recovery Mechanisms Error Recovery Strategies Effectiveness should fallback on critical validation issues","status":"failed","title":"should fallback on critical validation issues","duration":3.235099999999875,"failureMessages":["TypeError: () => mockPuzzleService is not a constructor\n    at new Mock (file:///C:/Users/shyam/OneDrive/Desktop/2025%20Projects/reddit/reflectiq/node_modules/@vitest/spy/dist/index.js:256:27)\n    at new GenerationErrorHandler (C:/Users/shyam/OneDrive/Desktop/2025 Projects/reddit/reflectiq/src/server/services/GenerationErrorHandler.ts:53:26)\n    at Function.getInstance (C:/Users/shyam/OneDrive/Desktop/2025 Projects/reddit/reflectiq/src/server/services/GenerationErrorHandler.ts:58:41)\n    at C:/Users/shyam/OneDrive/Desktop/2025 Projects/reddit/reflectiq/src/server/tests/integration/error-handling-recovery.test.ts:151:43\n    at file:///C:/Users/shyam/OneDrive/Desktop/2025%20Projects/reddit/reflectiq/node_modules/@vitest/runner/dist/index.js:157:11\n    at file:///C:/Users/shyam/OneDrive/Desktop/2025%20Projects/reddit/reflectiq/node_modules/@vitest/runner/dist/index.js:1636:20\n    at new Promise (<anonymous>)\n    at runWithTimeout (file:///C:/Users/shyam/OneDrive/Desktop/2025%20Projects/reddit/reflectiq/node_modules/@vitest/runner/dist/index.js:1602:10)\n    at runHook (file:///C:/Users/shyam/OneDrive/Desktop/2025%20Projects/reddit/reflectiq/node_modules/@vitest/runner/dist/index.js:1171:51)\n    at callSuiteHook (file:///C:/Users/shyam/OneDrive/Desktop/2025%20Projects/reddit/reflectiq/node_modules/@vitest/runner/dist/index.js:1177:25)"],"meta":{}},{"ancestorTitles":["Error Handling and Recovery Mechanisms","Error Recovery Strategies Effectiveness"],"fullName":"Error Handling and Recovery Mechanisms Error Recovery Strategies Effectiveness should handle spacing constraint failures with expanded search","status":"failed","title":"should handle spacing constraint failures with expanded search","duration":3.962600000000748,"failureMessages":["TypeError: () => mockPuzzleService is not a constructor\n    at new Mock (file:///C:/Users/shyam/OneDrive/Desktop/2025%20Projects/reddit/reflectiq/node_modules/@vitest/spy/dist/index.js:256:27)\n    at new GenerationErrorHandler (C:/Users/shyam/OneDrive/Desktop/2025 Projects/reddit/reflectiq/src/server/services/GenerationErrorHandler.ts:53:26)\n    at Function.getInstance (C:/Users/shyam/OneDrive/Desktop/2025 Projects/reddit/reflectiq/src/server/services/GenerationErrorHandler.ts:58:41)\n    at C:/Users/shyam/OneDrive/Desktop/2025 Projects/reddit/reflectiq/src/server/tests/integration/error-handling-recovery.test.ts:151:43\n    at file:///C:/Users/shyam/OneDrive/Desktop/2025%20Projects/reddit/reflectiq/node_modules/@vitest/runner/dist/index.js:157:11\n    at file:///C:/Users/shyam/OneDrive/Desktop/2025%20Projects/reddit/reflectiq/node_modules/@vitest/runner/dist/index.js:1636:20\n    at new Promise (<anonymous>)\n    at runWithTimeout (file:///C:/Users/shyam/OneDrive/Desktop/2025%20Projects/reddit/reflectiq/node_modules/@vitest/runner/dist/index.js:1602:10)\n    at runHook (file:///C:/Users/shyam/OneDrive/Desktop/2025%20Projects/reddit/reflectiq/node_modules/@vitest/runner/dist/index.js:1171:51)\n    at callSuiteHook (file:///C:/Users/shyam/OneDrive/Desktop/2025%20Projects/reddit/reflectiq/node_modules/@vitest/runner/dist/index.js:1177:25)"],"meta":{}},{"ancestorTitles":["Error Handling and Recovery Mechanisms","Error Recovery Strategies Effectiveness"],"fullName":"Error Handling and Recovery Mechanisms Error Recovery Strategies Effectiveness should handle material placement failures with simplified requirements","status":"failed","title":"should handle material placement failures with simplified requirements","duration":4.352200000000266,"failureMessages":["TypeError: () => mockPuzzleService is not a constructor\n    at new Mock (file:///C:/Users/shyam/OneDrive/Desktop/2025%20Projects/reddit/reflectiq/node_modules/@vitest/spy/dist/index.js:256:27)\n    at new GenerationErrorHandler (C:/Users/shyam/OneDrive/Desktop/2025 Projects/reddit/reflectiq/src/server/services/GenerationErrorHandler.ts:53:26)\n    at Function.getInstance (C:/Users/shyam/OneDrive/Desktop/2025 Projects/reddit/reflectiq/src/server/services/GenerationErrorHandler.ts:58:41)\n    at C:/Users/shyam/OneDrive/Desktop/2025 Projects/reddit/reflectiq/src/server/tests/integration/error-handling-recovery.test.ts:151:43\n    at file:///C:/Users/shyam/OneDrive/Desktop/2025%20Projects/reddit/reflectiq/node_modules/@vitest/runner/dist/index.js:157:11\n    at file:///C:/Users/shyam/OneDrive/Desktop/2025%20Projects/reddit/reflectiq/node_modules/@vitest/runner/dist/index.js:1636:20\n    at new Promise (<anonymous>)\n    at runWithTimeout (file:///C:/Users/shyam/OneDrive/Desktop/2025%20Projects/reddit/reflectiq/node_modules/@vitest/runner/dist/index.js:1602:10)\n    at runHook (file:///C:/Users/shyam/OneDrive/Desktop/2025%20Projects/reddit/reflectiq/node_modules/@vitest/runner/dist/index.js:1171:51)\n    at callSuiteHook (file:///C:/Users/shyam/OneDrive/Desktop/2025%20Projects/reddit/reflectiq/node_modules/@vitest/runner/dist/index.js:1177:25)"],"meta":{}},{"ancestorTitles":["Error Handling and Recovery Mechanisms","Error Recovery Strategies Effectiveness"],"fullName":"Error Handling and Recovery Mechanisms Error Recovery Strategies Effectiveness should create and log generation errors properly","status":"failed","title":"should create and log generation errors properly","duration":4.547099999999773,"failureMessages":["TypeError: () => mockPuzzleService is not a constructor\n    at new Mock (file:///C:/Users/shyam/OneDrive/Desktop/2025%20Projects/reddit/reflectiq/node_modules/@vitest/spy/dist/index.js:256:27)\n    at new GenerationErrorHandler (C:/Users/shyam/OneDrive/Desktop/2025 Projects/reddit/reflectiq/src/server/services/GenerationErrorHandler.ts:53:26)\n    at Function.getInstance (C:/Users/shyam/OneDrive/Desktop/2025 Projects/reddit/reflectiq/src/server/services/GenerationErrorHandler.ts:58:41)\n    at C:/Users/shyam/OneDrive/Desktop/2025 Projects/reddit/reflectiq/src/server/tests/integration/error-handling-recovery.test.ts:151:43\n    at file:///C:/Users/shyam/OneDrive/Desktop/2025%20Projects/reddit/reflectiq/node_modules/@vitest/runner/dist/index.js:157:11\n    at file:///C:/Users/shyam/OneDrive/Desktop/2025%20Projects/reddit/reflectiq/node_modules/@vitest/runner/dist/index.js:1636:20\n    at new Promise (<anonymous>)\n    at runWithTimeout (file:///C:/Users/shyam/OneDrive/Desktop/2025%20Projects/reddit/reflectiq/node_modules/@vitest/runner/dist/index.js:1602:10)\n    at runHook (file:///C:/Users/shyam/OneDrive/Desktop/2025%20Projects/reddit/reflectiq/node_modules/@vitest/runner/dist/index.js:1171:51)\n    at callSuiteHook (file:///C:/Users/shyam/OneDrive/Desktop/2025%20Projects/reddit/reflectiq/node_modules/@vitest/runner/dist/index.js:1177:25)"],"meta":{}},{"ancestorTitles":["Error Handling and Recovery Mechanisms","Feature Flag Functionality and Gradual Rollout"],"fullName":"Error Handling and Recovery Mechanisms Feature Flag Functionality and Gradual Rollout should respect feature flags for enhanced generation","status":"failed","title":"should respect feature flags for enhanced generation","duration":3.096400000000358,"failureMessages":["TypeError: () => mockPuzzleService is not a constructor\n    at new Mock (file:///C:/Users/shyam/OneDrive/Desktop/2025%20Projects/reddit/reflectiq/node_modules/@vitest/spy/dist/index.js:256:27)\n    at new GenerationErrorHandler (C:/Users/shyam/OneDrive/Desktop/2025 Projects/reddit/reflectiq/src/server/services/GenerationErrorHandler.ts:53:26)\n    at Function.getInstance (C:/Users/shyam/OneDrive/Desktop/2025 Projects/reddit/reflectiq/src/server/services/GenerationErrorHandler.ts:58:41)\n    at C:/Users/shyam/OneDrive/Desktop/2025 Projects/reddit/reflectiq/src/server/tests/integration/error-handling-recovery.test.ts:151:43\n    at file:///C:/Users/shyam/OneDrive/Desktop/2025%20Projects/reddit/reflectiq/node_modules/@vitest/runner/dist/index.js:157:11\n    at file:///C:/Users/shyam/OneDrive/Desktop/2025%20Projects/reddit/reflectiq/node_modules/@vitest/runner/dist/index.js:1636:20\n    at new Promise (<anonymous>)\n    at runWithTimeout (file:///C:/Users/shyam/OneDrive/Desktop/2025%20Projects/reddit/reflectiq/node_modules/@vitest/runner/dist/index.js:1602:10)\n    at runHook (file:///C:/Users/shyam/OneDrive/Desktop/2025%20Projects/reddit/reflectiq/node_modules/@vitest/runner/dist/index.js:1171:51)\n    at callSuiteHook (file:///C:/Users/shyam/OneDrive/Desktop/2025%20Projects/reddit/reflectiq/node_modules/@vitest/runner/dist/index.js:1177:25)"],"meta":{}},{"ancestorTitles":["Error Handling and Recovery Mechanisms","Feature Flag Functionality and Gradual Rollout"],"fullName":"Error Handling and Recovery Mechanisms Feature Flag Functionality and Gradual Rollout should handle enhanced feature flags for gradual rollout","status":"failed","title":"should handle enhanced feature flags for gradual rollout","duration":3.2681000000002314,"failureMessages":["TypeError: () => mockPuzzleService is not a constructor\n    at new Mock (file:///C:/Users/shyam/OneDrive/Desktop/2025%20Projects/reddit/reflectiq/node_modules/@vitest/spy/dist/index.js:256:27)\n    at new GenerationErrorHandler (C:/Users/shyam/OneDrive/Desktop/2025 Projects/reddit/reflectiq/src/server/services/GenerationErrorHandler.ts:53:26)\n    at Function.getInstance (C:/Users/shyam/OneDrive/Desktop/2025 Projects/reddit/reflectiq/src/server/services/GenerationErrorHandler.ts:58:41)\n    at C:/Users/shyam/OneDrive/Desktop/2025 Projects/reddit/reflectiq/src/server/tests/integration/error-handling-recovery.test.ts:151:43\n    at file:///C:/Users/shyam/OneDrive/Desktop/2025%20Projects/reddit/reflectiq/node_modules/@vitest/runner/dist/index.js:157:11\n    at file:///C:/Users/shyam/OneDrive/Desktop/2025%20Projects/reddit/reflectiq/node_modules/@vitest/runner/dist/index.js:1636:20\n    at new Promise (<anonymous>)\n    at runWithTimeout (file:///C:/Users/shyam/OneDrive/Desktop/2025%20Projects/reddit/reflectiq/node_modules/@vitest/runner/dist/index.js:1602:10)\n    at runHook (file:///C:/Users/shyam/OneDrive/Desktop/2025%20Projects/reddit/reflectiq/node_modules/@vitest/runner/dist/index.js:1171:51)\n    at callSuiteHook (file:///C:/Users/shyam/OneDrive/Desktop/2025%20Projects/reddit/reflectiq/node_modules/@vitest/runner/dist/index.js:1177:25)"],"meta":{}},{"
[...]
les with multiple solutions","status":"passed","title":"should penalize puzzles with multiple solutions","duration":0.6625999999996566,"failureMessages":[],"meta":{}},{"ancestorTitles":["SolutionValidator","generateConfidenceScore"],"fullName":"SolutionValidator generateConfidenceScore should penalize puzzles with physics violations","status":"passed","title":"should penalize puzzles with physics violations","duration":0.3547000000035041,"failureMessages":[],"meta":{}},{"ancestorTitles":["SolutionValidator","generateConfidenceScore"],"fullName":"SolutionValidator generateConfidenceScore should return minimum score for puzzles with no solution","status":"passed","title":"should return minimum score for puzzles with no solution","duration":0.33580000000074506,"failureMessages":[],"meta":{}},{"ancestorTitles":["SolutionValidator","singleton pattern"],"fullName":"SolutionValidator singleton pattern should return the same instance","status":"passed","title":"should return the same instance","duration":0.301500000001397,"failureMessages":[],"meta":{}},{"ancestorTitles":["SolutionValidator","Comprehensive Unique Solution Detection"],"fullName":"SolutionValidator Comprehensive Unique Solution Detection should detect unique solution with complex mirror arrangements","status":"passed","title":"should detect unique solution with complex mirror arrangements","duration":6029.379800000002,"failureMessages":[],"meta":{}},{"ancestorTitles":["SolutionValidator","Comprehensive Unique Solution Detection"],"fullName":"SolutionValidator Comprehensive Unique Solution Detection should detect multiple solutions with symmetric material placement","status":"passed","title":"should detect multiple solutions with symmetric material placement","duration":6038.670300000002,"failureMessages":[],"meta":{}},{"ancestorTitles":["SolutionValidator","Comprehensive Unique Solution Detection"],"fullName":"SolutionValidator Comprehensive Unique Solution Detection should handle puzzles with infinite loop potential","status":"passed","title":"should handle puzzles with infinite loop potential","duration":6036.238899999997,"failureMessages":[],"meta":{}},{"ancestorTitles":["SolutionValidator","Comprehensive Unique Solution Detection"],"fullName":"SolutionValidator Comprehensive Unique Solution Detection should validate puzzles with mixed material density","status":"passed","title":"should validate puzzles with mixed material density","duration":6038.612199999996,"failureMessages":[],"meta":{}},{"ancestorTitles":["SolutionValidator","Comprehensive Physics Compliance Testing"],"fullName":"SolutionValidator Comprehensive Physics Compliance Testing should validate mirror physics with various angles","status":"passed","title":"should validate mirror physics with various angles","duration":19.16440000000148,"failureMessages":[],"meta":{}},{"ancestorTitles":["SolutionValidator","Comprehensive Physics Compliance Testing"],"fullName":"SolutionValidator Comprehensive Physics Compliance Testing should validate water material diffusion properties","status":"passed","title":"should validate water material diffusion properties","duration":1.3482000000003609,"failureMessages":[],"meta":{}},{"ancestorTitles":["SolutionValidator","Comprehensive Physics Compliance Testing"],"fullName":"SolutionValidator Comprehensive Physics Compliance Testing should validate glass material transparency and reflection","status":"passed","title":"should validate glass material transparency and reflection","duration":1.9515000000028522,"failureMessages":[],"meta":{}},{"ancestorTitles":["SolutionValidator","Comprehensive Physics Compliance Testing"],"fullName":"SolutionValidator Comprehensive Physics Compliance Testing should validate metal material reversal properties","status":"passed","title":"should validate metal material reversal properties","duration":1.7551000000021304,"failureMessages":[],"meta":{}},{"ancestorTitles":["SolutionValidator","Comprehensive Physics Compliance Testing"],"fullName":"SolutionValidator Comprehensive Physics Compliance Testing should validate absorber material termination","status":"passed","title":"should validate absorber material termination","duration":2.1024000000033993,"failureMessages":[],"meta":{}},{"ancestorTitles":["SolutionValidator","Comprehensive Physics Compliance Testing"],"fullName":"SolutionValidator Comprehensive Physics Compliance Testing should detect path continuity violations","status":"passed","title":"should detect path continuity violations","duration":3.5675000000046566,"failureMessages":[],"meta":{}},{"ancestorTitles":["SolutionValidator","Comprehensive Confidence Scoring"],"fullName":"SolutionValidator Comprehensive Confidence Scoring should score perfect puzzle with maximum confidence","status":"passed","title":"should score perfect puzzle with maximum confidence","duration":1.4544999999998254,"failureMessages":[],"meta":{}},{"ancestorTitles":["SolutionValidator","Comprehensive Confidence Scoring"],"fullName":"SolutionValidator Comprehensive Confidence Scoring should consistently score similar puzzles","status":"passed","title":"should consistently score similar puzzles","duration":1.0826999999990221,"failureMessages":[],"meta":{}},{"ancestorTitles":["SolutionValidator","Comprehensive Confidence Scoring"],"fullName":"SolutionValidator Comprehensive Confidence Scoring should appropriately penalize low reflection accuracy","status":"passed","title":"should appropriately penalize low reflection accuracy","duration":0.6957000000038533,"failureMessages":[],"meta":{}},{"ancestorTitles":["SolutionValidator","Comprehensive Confidence Scoring"],"fullName":"SolutionValidator Comprehensive Confidence Scoring should reward strategic entry/exit placement","status":"passed","title":"should reward strategic entry/exit placement","duration":0.49279999999998836,"failureMessages":[],"meta":{}},{"ancestorTitles":["SolutionValidator","Comprehensive Confidence Scoring"],"fullName":"SolutionValidator Comprehensive Confidence Scoring should handle edge cases in confidence scoring","status":"passed","title":"should handle edge cases in confidence scoring","duration":0.9904000000024098,"failureMessages":[],"meta":{}}],"startTime":1762429896667,"endTime":1762429939196.9905,"status":"passed","message":"","name":"C:/Users/shyam/OneDrive/Desktop/2025 Projects/reddit/reflectiq/src/server/tests/unit/SolutionValidator.test.ts"},{"assertionResults":[{"ancestorTitles":["PointPlacementService","getBoundaryPositions"],"fullName":"PointPlacementService getBoundaryPositions returns correct boundary positions for 6x6 grid","status":"passed","title":"returns correct boundary positions for 6x6 grid","duration":17.3791999999994,"failureMessages":[],"meta":{}},{"ancestorTitles":["PointPlacementService","getBoundaryPositions"],"fullName":"PointPlacementService getBoundaryPositions returns correct boundary positions for 8x8 grid","status":"passed","title":"returns correct boundary positions for 8x8 grid","duration":1.2174000000004526,"failureMessages":[],"meta":{}},{"ancestorTitles":["PointPlacementService","getBoundaryPositions"],"fullName":"PointPlacementService getBoundaryPositions returns correct boundary positions for 10x10 grid","status":"passed","title":"returns correct boundary positions for 10x10 grid","duration":5.222099999999955,"failureMessages":[],"meta":{}},{"ancestorTitles":["PointPlacementService","getBoundaryPositions"],"fullName":"PointPlacementService getBoundaryPositions handles minimum grid size correctly","status":"passed","title":"handles minimum grid size correctly","duration":2.0213999999996304,"failureMessages":[],"meta":{}},{"ancestorTitles":["PointPlacementService","calculateDistance"],"fullName":"PointPlacementService calculateDistance calculates Manhattan distance correctly","status":"passed","title":"calculates Manhattan distance correctly","duration":1.0560999999997875,"failureMessages":[],"meta":{}},{"ancestorTitles":["PointPlacementService","calculateDistance"],"fullName":"PointPlacementService calculateDistance returns 0 for same position","status":"passed","title":"returns 0 for same position","duration":0.9239999999999782,"failureMessages":[],"meta":{}},{"ancestorTitles":["PointPlacementService","validateSpacing"],"fullName":"PointPlacementService validateSpacing rejects same positions","status":"passed","title":"rejects same positions","duration":1.472700000000259,"failureMessages":[],"meta":{}},{"ancestorTitles":["PointPlacementService","validateSpacing"],"fullName":"PointPlacementService validateSpacing validates minimum distance requirement","status":"passed","title":"validates minimum distance requirement","duration":0.8832000000002154,"failureMessages":[],"meta":{}},{"ancestorTitles":["PointPlacementService","validateSpacing"],"fullName":"PointPlacementService validateSpacing validates exact minimum distance boundary","status":"passed","title":"validates exact minimum distance boundary","duration":1.5041999999994005,"failureMessages":[],"meta":{}},{"ancestorTitles":["PointPlacementService","validateSpacing"],"fullName":"PointPlacementService validateSpacing validates difficulty-specific spacing constraints","status":"passed","title":"validates difficulty-specific spacing constraints","duration":1.62079999999969,"failureMessages":[],"meta":{}},{"ancestorTitles":["PointPlacementService","selectEntryExitPairs"],"fullName":"PointPlacementService selectEntryExitPairs generates valid pairs for Easy difficulty","status":"passed","title":"generates valid pairs for Easy difficulty","duration":19.721999999999753,"failureMessages":[],"meta":{}},{"ancestorTitles":["PointPlacementService","selectEntryExitPairs"],"fullName":"PointPlacementService selectEntryExitPairs generates valid pairs for Medium difficulty","status":"passed","title":"generates valid pairs for Medium difficulty","duration":24.4970000000003,"failureMessages":[],"meta":{}},{"ancestorTitles":["PointPlacementService","selectEntryExitPairs"],"fullName":"PointPlacementService selectEntryExitPairs generates valid pairs for Hard difficulty","status":"passed","title":"generates valid pairs for Hard difficulty","duration":30.791699999999764,"failureMessages":[],"meta":{}},{"ancestorTitles":["PointPlacementService","selectEntryExitPairs"],"fullName":"PointPlacementService selectEntryExitPairs returns pairs sorted by validation score","status":"passed","title":"returns pairs sorted by validation score","duration":5.538099999999758,"failureMessages":[],"meta":{}},{"ancestorTitles":["PointPlacementService","selectEntryExitPairs"],"fullName":"PointPlacementService selectEntryExitPairs prefers corner positions","status":"passed","title":"prefers corner positions","duration":5.461600000000544,"failureMessages":[],"meta":{}},{"ancestorTitles":["PointPlacementService","selectEntryExitPairs"],"fullName":"PointPlacementService selectEntryExitPairs generates appropriate number of candidates for different grid sizes","status":"passed","title":"generates appropriate number of candidates for different grid sizes","duration":7.365600000000086,"failureMessages":[],"meta":{}},{"ancestorTitles":["PointPlacementService","selectEntryExitPairs"],"fullName":"PointPlacementService selectEntryExitPairs respects maximum search attempts constraint","status":"passed","title":"respects maximum search attempts constraint","duration":1.9513999999999214,"failureMessages":[],"meta":{}},{"ancestorTitles":["PointPlacementService","selectEntryExitPairs"],"fullName":"PointPlacementService selectEntryExitPairs handles edge case with very restrictive spacing","status":"passed","title":"handles edge case with very restrictive spacing","duration":7.136300000000119,"failureMessages":[],"meta":{}},{"ancestorTitles":["PointPlacementService","getSpacingConstraints"],"fullName":"PointPlacementService getSpacingConstraints returns correct constraints for each difficulty","status":"passed","title":"returns correct constraints for each difficulty","duration":1.061200000000099,"failureMessages":[],"meta":{}},{"ancestorTitles":["PointPlacementService","validatePosition"],"fullName":"PointPlacementService validatePosition validates boundary positions correctly","status":"passed","title":"validates boundary positions correctly","duration":1.4284000000006927,"failureMessages":[],"meta":{}},{"ancestorTitles":["PointPlacementService","validatePosition"],"fullName":"PointPlacementService validatePosition validates all boundary positions for different grid sizes","status":"passed","title":"validates all boundary positions for different grid sizes","duration":5.727700000000368,"failureMessages":[],"meta":{}},{"ancestorTitles":["PointPlacementService","ranking algorithm comprehensive tests"],"fullName":"PointPlacementService ranking algorithm comprehensive tests validation scores are consistent and meaningful","status":"passed","title":"validation scores are consistent and meaningful","duration":10.817399999999907,"failureMessages":[],"meta":{}},{"ancestorTitles":["PointPlacementService","ranking algorithm comprehensive tests"],"fullName":"PointPlacementService ranking algorithm comprehensive tests distance preferences are correctly applied","status":"passed","title":"distance preferences are correctly applied","duration":5.666000000000167,"failureMessages":[],"meta":{}},{"ancestorTitles":["PointPlacementService","ranking algorithm comprehensive tests"],"fullName":"PointPlacementService ranking algorithm comprehensive tests placement type classification is accurate","status":"passed","title":"placement type classification is accurate","duration":6.739999999999782,"failureMessages":[],"meta":{}}],"startTime":1762429895163,"endTime":1762429895335.74,"status":"passed","message":"","name":"C:/Users/shyam/OneDrive/Desktop/2025 Projects/reddit/reflectiq/src/shared/puzzle/__tests__/PointPlacementService.test.ts"},{"assertionResults":[{"ancestorTitles":["Timer Integration","Time Formatting Logic"],"fullName":"Timer Integration Time Formatting Logic should format time correctly in MM:SS format for display","status":"passed","title":"should format time correctly in MM:SS format for display","duration":8.352299999999559,"failureMessages":[],"meta":{}},{"ancestorTitles":["Timer Integration","Time Formatting Logic"],"fullName":"Timer Integration Time Formatting Logic should format time correctly in M:SS format for comments","status":"passed","title":"should format time correctly in M:SS format for comments","duration":2.6550999999999476,"failureMessages":[],"meta":{}},{"ancestorTitles":["Timer Integration","Time Formatting Logic"],"fullName":"Timer Integration Time Formatting Logic should maintain consistency between display and comment formats","status":"passed","title":"should maintain consistency between display and comment formats","duration":2.3015000000004875,"failureMessages":[],"meta":{}},{"ancestorTitles":["Timer Integration","Time Formatting Logic"],"fullName":"Timer Integration Time Formatting Logic should match exact requirement examples","status":"passed","title":"should match exact requirement examples","duration":1.1165000000000873,"failureMessages":[],"meta":{}},{"ancestorTitles":["Timer Integration","Timer State Simulation"],"fullName":"Timer Integration Timer State Simulation should capture completion time in whole seconds","status":"passed","title":"should capture completion time in whole seconds","duration":7.010499999999411,"failureMessages":[],"meta":{}},{"ancestorTitles":["Timer Integration","Timer State Simulation"],"fullName":"Timer Integration Timer State Simulation should stop timer immediately on submission","status":"passed","title":"should stop timer immediately on submission","duration":2.9601999999995314,"failureMessages":[],"meta":{}},{"ancestorTitles":["Timer Integration","Timer State Simulation"],"fullName":"Timer Integration Timer State Simulation should maintain timing accuracy during rapid updates","status":"passed","title":"should maintain timing accuracy during rapid updates","duration":7.240799999999581,"failureMessages":[],"meta":{}},{"ancestorTitles":["Timer Integration","Timer State Simulation"],"fullName":"Timer Integration Timer State Simulation should handle timer restart correctly","status":"passed","title":"should handle timer restart correctly","duration":2.2966999999998734,"failureMessages":[],"meta":{}},{"ancestorTitles":["Timer Integration","Submission Flow Integration"],"fullName":"Timer Integration Submission Flow Integration should capture accurate completion time when answer is submitted","status":"passed","title":"should capture accurate completion time when answer is submitted","duration":3.532600000000457,"failureMessages":[],"meta":{}},{"ancestorTitles":["Timer Integration","Submission Flow Integration"],"fullName":"Timer Integration Submission Flow Integration should prevent submission when timer is not running","status":"passed","title":"should prevent submission when timer is not running","duration":1.7113999999992302,"failureMessages":[],"meta":{}},{"ancestorTitles":["Timer Integration","Submission Flow Integration"],"fullName":"Timer Integration Submission Flow Integration should prevent submission when no answer is selected","status":"passed","title":"should prevent submission when no answer is selected","duration":1.3221000000003187,"failureMessages":[],"meta":{}},{"ancestorTitles":["Timer Integration","Submission Flow Integration"],"fullName":"Timer Integration Submission Flow Integration should handle timer restart after incorrect submission","status":"passed","title":"should handle timer restart after incorrect submission","duration":1.7717000000002372,"failureMessages":[],"meta":{}},{"ancestorTitles":["Timer Integration","Submission Flow Integration"],"fullName":"Timer Integration Submission Flow Integration should maintain time precision during submission process","status":"passed","title":"should maintain time precision during submission process","duration":5.545500000000175,"failureMessages":[],"meta":{}},{"ancestorTitles":["Timer Integration","Comment Integration"],"fullName":"Timer Integration Comment Integration should integrate correctly with comment template","status":"passed","title":"should integrate correctly with comment template","duration":1.165299999999661,"failureMessages":[],"meta":{}},{"ancestorTitles":["Timer Integration","Comment Integration"],"fullName":"Timer Integration Comment Integration should handle fractional seconds by flooring","status":"passed","title":"should handle fractional seconds by flooring","duration":1.1584000000002561,"failureMessages":[],"meta":{}},{"ancestorTitles":["Timer Integration","Comment Integration"],"fullName":"Timer Integration Comment Integration should validate comment format matches requirements","status":"passed","title":"should validate comment format matches requirements","duration":1.4075000000002547,"failureMessages":[],"meta":{}},{"ancestorTitles":["Timer Integration","Performance and Edge Cases"],"fullName":"Timer Integration Performance and Edge Cases should handle large time values without issues","status":"passed","title":"should handle large time values without issues","duration":4.506099999999606,"failureMessages":[],"meta":{}},{"ancestorTitles":["Timer Integration","Performance and Edge Cases"],"fullName":"Timer Integration Performance and Edge Cases should format times efficiently","status":"passed","title":"should format times efficiently","duration":2.073500000000422,"failureMessages":[],"meta":{}},{"ancestorTitles":["Timer Integration","Performance and Edge Cases"],"fullName":"Timer Integration Performance and Edge Cases should handle zero and negative edge cases","status":"passed","title":"should handle zero and negative edge cases","duration":1.3217999999997119,"failureMessages":[],"meta":{}}],"startTime":1762429895973,"endTime":1762429896035.3218,"status":"passed","message":"","name":"C:/Users/shyam/OneDrive/Desktop/2025 Projects/reddit/reflectiq/src/client/components/puzzle/__tests__/timer-integration.test.ts"}]}