{"numTotalTestSuites":7,"numPassedTestSuites":7,"numFailedTestSuites":0,"numPendingTestSuites":0,"numTotalTests":19,"numPassedTests":19,"numFailedTests":0,"numPendingTests":0,"numTodoTests":0,"snapshot":{"added":0,"failure":false,"filesAdded":0,"filesRemoved":0,"filesRemovedList":[],"filesUnmatched":0,"filesUpdated":0,"matched":0,"total":0,"unchecked":0,"uncheckedKeysByFile":[],"unmatched":0,"updated":0,"didUpdate":false},"startTime":1761316549316,"success":true,"testResults":[{"assertionResults":[{"ancestorTitles":["GameEngine","generatePuzzle"],"fullName":"GameEngine generatePuzzle should generate a valid easy puzzle","status":"passed","title":"should generate a valid easy puzzle","duration":6.661299999999983,"failureMessages":[],"meta":{}},{"ancestorTitles":["GameEngine","generatePuzzle"],"fullName":"GameEngine generatePuzzle should generate a valid medium puzzle","status":"passed","title":"should generate a valid medium puzzle","duration":1.3582000000001244,"failureMessages":[],"meta":{}},{"ancestorTitles":["GameEngine","generatePuzzle"],"fullName":"GameEngine generatePuzzle should generate a valid hard puzzle","status":"passed","title":"should generate a valid hard puzzle","duration":0.9075000000000273,"failureMessages":[],"meta":{}},{"ancestorTitles":["GameEngine","generatePuzzle"],"fullName":"GameEngine generatePuzzle should place correct number of materials for each difficulty","status":"passed","title":"should place correct number of materials for each difficulty","duration":0.7141000000001441,"failureMessages":[],"meta":{}},{"ancestorTitles":["GameEngine","generatePuzzle"],"fullName":"GameEngine generatePuzzle should generate laser entry on grid edge","status":"passed","title":"should generate laser entry on grid edge","duration":0.5632000000000517,"failureMessages":[],"meta":{}},{"ancestorTitles":["GameEngine","simulateLaserPath"],"fullName":"GameEngine simulateLaserPath should simulate laser path through empty grid","status":"passed","title":"should simulate laser path through empty grid","duration":0.761299999999892,"failureMessages":[],"meta":{}},{"ancestorTitles":["GameEngine","simulateLaserPath"],"fullName":"GameEngine simulateLaserPath should handle mirror reflection correctly","status":"passed","title":"should handle mirror reflection correctly","duration":0.34979999999995925,"failureMessages":[],"meta":{}},{"ancestorTitles":["GameEngine","simulateLaserPath"],"fullName":"GameEngine simulateLaserPath should handle absorber termination","status":"passed","title":"should handle absorber termination","duration":0.2759000000000924,"failureMessages":[],"meta":{}},{"ancestorTitles":["GameEngine","simulateLaserPath"],"fullName":"GameEngine simulateLaserPath should prevent infinite loops","status":"passed","title":"should prevent infinite loops","duration":0.49230000000011387,"failureMessages":[],"meta":{}},{"ancestorTitles":["GameEngine","validateAnswer"],"fullName":"GameEngine validateAnswer should validate correct answer","status":"passed","title":"should validate correct answer","duration":1.7132999999998901,"failureMessages":[],"meta":{}},{"ancestorTitles":["GameEngine","validateAnswer"],"fullName":"GameEngine validateAnswer should reject incorrect answer","status":"passed","title":"should reject incorrect answer","duration":2.024599999999964,"failureMessages":[],"meta":{}},{"ancestorTitles":["GameEngine","validateAnswer"],"fullName":"GameEngine validateAnswer should throw error for non-existent puzzle","status":"passed","title":"should throw error for non-existent puzzle","duration":2.89449999999988,"failureMessages":[],"meta":{}},{"ancestorTitles":["GameEngine","calculateScore"],"fullName":"GameEngine calculateScore should return zero score for incorrect answer","status":"passed","title":"should return zero score for incorrect answer","duration":0.4030999999999949,"failureMessages":[],"meta":{}},{"ancestorTitles":["GameEngine","calculateScore"],"fullName":"GameEngine calculateScore should calculate full score for perfect completion","status":"passed","title":"should calculate full score for perfect completion","duration":0.35429999999996653,"failureMessages":[],"meta":{}},{"ancestorTitles":["GameEngine","calculateScore"],"fullName":"GameEngine calculateScore should apply hint penalties correctly","status":"passed","title":"should apply hint penalties correctly","duration":0.44410000000016225,"failureMessages":[],"meta":{}},{"ancestorTitles":["GameEngine","calculateScore"],"fullName":"GameEngine calculateScore should apply time penalties for slow completion","status":"passed","title":"should apply time penalties for slow completion","duration":0.7020999999999731,"failureMessages":[],"meta":{}},{"ancestorTitles":["GameEngine","calculateScore"],"fullName":"GameEngine calculateScore should have minimum time multiplier","status":"passed","title":"should have minimum time multiplier","duration":0.3085000000000946,"failureMessages":[],"meta":{}},{"ancestorTitles":["GameEngine","getPuzzle"],"fullName":"GameEngine getPuzzle should retrieve puzzle from Redis","status":"passed","title":"should retrieve puzzle from Redis","duration":3.4600000000000364,"failureMessages":[],"meta":{}},{"ancestorTitles":["GameEngine","getPuzzle"],"fullName":"GameEngine getPuzzle should return null for non-existent puzzle","status":"passed","title":"should return null for non-existent puzzle","duration":1.1230000000000473,"failureMessages":[],"meta":{}}],"startTime":1761316549869,"endTime":1761316549896.123,"status":"passed","message":"","name":"C:/Users/shyam/OneDrive/Desktop/2025 Projects/reddit/reflectiq/src/server/tests/unit/game-engine.test.ts"}]}