{"numTotalTestSuites":7,"numPassedTestSuites":7,"numFailedTestSuites":0,"numPendingTestSuites":0,"numTotalTests":6,"numPassedTests":6,"numFailedTests":0,"numPendingTests":0,"numTodoTests":0,"snapshot":{"added":0,"failure":false,"filesAdded":0,"filesRemoved":0,"filesRemovedList":[],"filesUnmatched":0,"filesUpdated":0,"matched":0,"total":0,"unchecked":0,"uncheckedKeysByFile":[],"unmatched":0,"updated":0,"didUpdate":false},"startTime":1762757724125,"success":true,"testResults":[{"assertionResults":[{"ancestorTitles":["Task 13: Load and Performance Testing for Unique Puzzles Per Post","Concurrent Puzzle Generation (100 puzzles)"],"fullName":"Task 13: Load and Performance Testing for Unique Puzzles Per Post Concurrent Puzzle Generation (100 puzzles) should generate 100 puzzles concurrently within performance targets","status":"passed","title":"should generate 100 puzzles concurrently within performance targets","duration":3015.0641,"failureMessages":[],"meta":{}},{"ancestorTitles":["Task 13: Load and Performance Testing for Unique Puzzles Per Post","Cache Retrieval Performance (1000 puzzles)"],"fullName":"Task 13: Load and Performance Testing for Unique Puzzles Per Post Cache Retrieval Performance (1000 puzzles) should retrieve 1000 puzzles from cache within performance targets","status":"passed","title":"should retrieve 1000 puzzles from cache within performance targets","duration":218.88550000000032,"failureMessages":[],"meta":{}},{"ancestorTitles":["Task 13: Load and Performance Testing for Unique Puzzles Per Post","Redis Memory Usage (10,000 puzzles)"],"fullName":"Task 13: Load and Performance Testing for Unique Puzzles Per Post Redis Memory Usage (10,000 puzzles) should measure and validate Redis memory usage with 10,000 puzzles","status":"passed","title":"should measure and validate Redis memory usage with 10,000 puzzles","duration":1413.4622999999992,"failureMessages":[],"meta":{}},{"ancestorTitles":["Task 13: Load and Performance Testing for Unique Puzzles Per Post","API Response Time Validation"],"fullName":"Task 13: Load and Performance Testing for Unique Puzzles Per Post API Response Time Validation should verify API response times meet <500ms target for puzzle retrieval","status":"passed","title":"should verify API response times meet <500ms target for puzzle retrieval","duration":5945.507600000001,"failureMessages":[],"meta":{}},{"ancestorTitles":["Task 13: Load and Performance Testing for Unique Puzzles Per Post","Redis Unavailability Handling"],"fullName":"Task 13: Load and Performance Testing for Unique Puzzles Per Post Redis Unavailability Handling should handle Redis unavailability with circuit breaker and fallback","status":"passed","title":"should handle Redis unavailability with circuit breaker and fallback","duration":80537.8609,"failureMessages":[],"meta":{}},{"ancestorTitles":["Task 13: Load and Performance Testing for Unique Puzzles Per Post","Redis Unavailability Handling"],"fullName":"Task 13: Load and Performance Testing for Unique Puzzles Per Post Redis Unavailability Handling should prioritize retrieval over generation when Redis recovers","status":"passed","title":"should prioritize retrieval over generation when Redis recovers","duration":1015.5967999999993,"failureMessages":[],"meta":{}}],"startTime":1762757725156,"endTime":1762757817303.5967,"status":"passed","message":"","name":"C:/Users/shyam/OneDrive/Desktop/2025 Projects/reddit/reflectiq/src/server/tests/system/unique-puzzles-load-testing.test.ts"}]}