{"numTotalTestSuites":13,"numPassedTestSuites":1,"numFailedTestSuites":12,"numPendingTestSuites":0,"numTotalTests":17,"numPassedTests":3,"numFailedTests":14,"numPendingTests":0,"numTodoTests":0,"snapshot":{"added":0,"failure":false,"filesAdded":0,"filesRemoved":0,"filesRemovedList":[],"filesUnmatched":0,"filesUpdated":0,"matched":0,"total":0,"unchecked":0,"uncheckedKeysByFile":[],"unmatched":0,"updated":0,"didUpdate":false},"startTime":1762352499035,"success":false,"testResults":[{"assertionResults":[{"ancestorTitles":["Comprehensive System Tests - Guaranteed Puzzle Generation","Complete Puzzle Lifecycle Tests"],"fullName":"Comprehensive System Tests - Guaranteed Puzzle Generation Complete Puzzle Lifecycle Tests should complete full puzzle lifecycle from generation to player completion","status":"failed","title":"should complete full puzzle lifecycle from generation to player completion","duration":9136.955600000001,"failureMessages":["AssertionError: expected false to be true // Object.is equality\n    at C:/Users/shyam/OneDrive/Desktop/2025 Projects/reddit/reflectiq/src/server/tests/system/comprehensive-system.test.ts:62:42\n    at file:///C:/Users/shyam/OneDrive/Desktop/2025%20Projects/reddit/reflectiq/node_modules/@vitest/runner/dist/index.js:753:20"],"meta":{}},{"ancestorTitles":["Comprehensive System Tests - Guaranteed Puzzle Generation","Complete Puzzle Lifecycle Tests"],"fullName":"Comprehensive System Tests - Guaranteed Puzzle Generation Complete Puzzle Lifecycle Tests should handle puzzle regeneration when validation fails","status":"failed","title":"should handle puzzle regeneration when validation fails","duration":9117.7898,"failureMessages":["AssertionError: expected 1 to be greater than 1\n    at C:/Users/shyam/OneDrive/Desktop/2025 Projects/reddit/reflectiq/src/server/tests/system/comprehensive-system.test.ts:156:35\n    at file:///C:/Users/shyam/OneDrive/Desktop/2025%20Projects/reddit/reflectiq/node_modules/@vitest/runner/dist/index.js:753:20"],"meta":{}},{"ancestorTitles":["Comprehensive System Tests - Guaranteed Puzzle Generation","Complete Puzzle Lifecycle Tests"],"fullName":"Comprehensive System Tests - Guaranteed Puzzle Generation Complete Puzzle Lifecycle Tests should maintain puzzle quality across multiple generations","status":"failed","title":"should maintain puzzle quality across multiple generations","duration":27199.706700000002,"failureMessages":["AssertionError: expected 24.666666666666668 to be greater than 80\n    at C:/Users/shyam/OneDrive/Desktop/2025 Projects/reddit/reflectiq/src/server/tests/system/comprehensive-system.test.ts:193:35\n    at file:///C:/Users/shyam/OneDrive/Desktop/2025%20Projects/reddit/reflectiq/node_modules/@vitest/runner/dist/index.js:753:20"],"meta":{}},{"ancestorTitles":["Comprehensive System Tests - Guaranteed Puzzle Generation","Requirements Validation Tests","Requirement 1.1: 100% Solvable Puzzle Generation"],"fullName":"Comprehensive System Tests - Guaranteed Puzzle Generation Requirements Validation Tests Requirement 1.1: 100% Solvable Puzzle Generation should generate only solvable puzzles across all difficulties","status":"failed","title":"should generate only solvable puzzles across all difficulties","duration":45411.57420000001,"failureMessages":["AssertionError: expected +0 to be 100 // Object.is equality\n    at C:/Users/shyam/OneDrive/Desktop/2025 Projects/reddit/reflectiq/src/server/tests/system/comprehensive-system.test.ts:236:35\n    at file:///C:/Users/shyam/OneDrive/Desktop/2025%20Projects/reddit/reflectiq/node_modules/@vitest/runner/dist/index.js:753:20"],"meta":{}},{"ancestorTitles":["Comprehensive System Tests - Guaranteed Puzzle Generation","Requirements Validation Tests","Requirement 1.2: Exactly One Valid Solution Path"],"fullName":"Comprehensive System Tests - Guaranteed Puzzle Generation Requirements Validation Tests Requirement 1.2: Exactly One Valid Solution Path should ensure all generated puzzles have exactly one solution","status":"failed","title":"should ensure all generated puzzles have exactly one solution","duration":9099.333600000013,"failureMessages":["AssertionError: expected false to be true // Object.is equality\n    at C:/Users/shyam/OneDrive/Desktop/2025 Projects/reddit/reflectiq/src/server/tests/system/comprehensive-system.test.ts:261:50\n    at file:///C:/Users/shyam/OneDrive/Desktop/2025%20Projects/reddit/reflectiq/node_modules/@vitest/runner/dist/index.js:753:20"],"meta":{}},{"ancestorTitles":["Comprehensive System Tests - Guaranteed Puzzle Generation","Requirements Validation Tests","Requirement 1.4: 5-Second Generation Timeout"],"fullName":"Comprehensive System Tests - Guaranteed Puzzle Generation Requirements Validation Tests Requirement 1.4: 5-Second Generation Timeout should complete generation within 5 seconds","status":"failed","title":"should complete generation within 5 seconds","duration":9054.2157,"failureMessages":["AssertionError: expected 9053 to be less than 5000\n    at C:/Users/shyam/OneDrive/Desktop/2025 Projects/reddit/reflectiq/src/server/tests/system/comprehensive-system.test.ts:284:34\n    at file:///C:/Users/shyam/OneDrive/Desktop/2025%20Projects/reddit/reflectiq/node_modules/@vitest/runner/dist/index.js:753:20"],"meta":{}},{"ancestorTitles":["Comprehensive System Tests - Guaranteed Puzzle Generation","Requirements Validation Tests","Requirement 1.5: 100% Success Rate Maintenance"],"fullName":"Comprehensive System Tests - Guaranteed Puzzle Generation Requirements Validation Tests Requirement 1.5: 100% Success Rate Maintenance should maintain 100% success rate across multiple generation attempts","status":"failed","title":"should maintain 100% success rate across multiple generation attempts","duration":30016.626800000013,"failureMessages":["Error: STACK_TRACE_ERROR\n    at task (file:///C:/Users/shyam/OneDrive/Desktop/2025%20Projects/reddit/reflectiq/node_modules/@vitest/runner/dist/index.js:633:27)\n    at Object.<anonymous> (file:///C:/Users/shyam/OneDrive/Desktop/2025%20Projects/reddit/reflectiq/node_modules/@vitest/runner/dist/index.js:660:16)\n    at Object.<anonymous> (file:///C:/Users/shyam/OneDrive/Desktop/2025%20Projects/reddit/reflectiq/node_modules/@vitest/runner/dist/index.js:457:28)\n    at chain (file:///C:/Users/shyam/OneDrive/Desktop/2025%20Projects/reddit/reflectiq/node_modules/@vitest/runner/dist/chunk-tasks.js:9:14)\n    at C:/Users/shyam/OneDrive/Desktop/2025 Projects/reddit/reflectiq/src/server/tests/system/comprehensive-system.test.ts:293:7\n    at file:///C:/Users/shyam/OneDrive/Desktop/2025%20Projects/reddit/reflectiq/node_modules/@vitest/runner/dist/index.js:735:40\n    at runWithSuite (file:///C:/Users/shyam/OneDrive/Desktop/2025%20Projects/reddit/reflectiq/node_modules/@vitest/runner/dist/index.js:1588:8)\n    at Object.collect (file:///C:/Users/shyam/OneDrive/Desktop/2025%20Projects/reddit/reflectiq/node_modules/@vitest/runner/dist/index.js:735:10)\n    at Object.collect (file:///C:/Users/shyam/OneDrive/Desktop/2025%20Projects/reddit/reflectiq/node_modules/@vitest/runner/dist/index.js:739:54)\n    at Object.collect (file:///C:/Users/shyam/OneDrive/Desktop/2025%20Projects/reddit/reflectiq/node_modules/@vitest/runner/dist/index.js:739:46)\n    at Object.collect (file:///C:/Users/shyam/OneDrive/Desktop/2025%20Projects/reddit/reflectiq/node_modules/@vitest/runner/dist/index.js:739:46)\n    at collectTests (file:///C:/Users/shyam/OneDrive/Desktop/2025%20Projects/reddit/reflectiq/node_modules/@vitest/runner/dist/index.js:1048:25)\n    at startTests (file:///C:/Users/shyam/OneDrive/Desktop/2025%20Projects/reddit/reflectiq/node_modules/@vitest/runner/dist/index.js:1556:17)\n    at file:///C:/Users/shyam/OneDrive/Desktop/2025%20Projects/reddit/reflectiq/node_modules/vitest/dist/chunks/base.B04-CjXH.js:76:64\n    at withEnv (file:///C:/Users/shyam/OneDrive/Desktop/2025%20Projects/reddit/reflectiq/node_modules/vitest/dist/chunks/base.B04-CjXH.js:57:3)"],"meta":{}},{"ancestorTitles":["Comprehensive System Tests - Guaranteed Puzzle Generation","Requirements Validation Tests","Spacing Constraint Requirements (2.1-2.5)"],"fullName":"Comprehensive System Tests - Guaranteed Puzzle Generation Requirements Validation Tests Spacing Constraint Requirements (2.1-2.5) should enforce proper spacing constraints for all difficulties","status":"failed","title":"should enforce proper spacing constraints for all difficulties","duration":20009.481300000014,"failureMessages":["Error: STACK_TRACE_ERROR\n    at task (file:///C:/Users/shyam/OneDrive/Desktop/2025%20Projects/reddit/reflectiq/node_modules/@vitest/runner/dist/index.js:633:27)\n    at Object.<anonymous> (file:///C:/Users/shyam/OneDrive/Desktop/2025%20Projects/reddit/reflectiq/node_modules/@vitest/runner/dist/index.js:660:16)\n    at Object.<anonymous> (file:///C:/Users/shyam/OneDrive/Desktop/2025%20Projects/reddit/reflectiq/node_modules/@vitest/runner/dist/index.js:457:28)\n    at chain (file:///C:/Users/shyam/OneDrive/Desktop/2025%20Projects/reddit/reflectiq/node_modules/@vitest/runner/dist/chunk-tasks.js:9:14)\n    at C:/Users/shyam/OneDrive/Desktop/2025 Projects/reddit/reflectiq/src/server/tests/system/comprehensive-system.test.ts:322:7\n    at file:///C:/Users/shyam/OneDrive/Desktop/2025%20Projects/reddit/reflectiq/node_modules/@vitest/runner/dist/index.js:735:40\n    at runWithSuite (file:///C:/Users/shyam/OneDrive/Desktop/2025%20Projects/reddit/reflectiq/node_modules/@vitest/runner/dist/index.js:1588:8)\n    at Object.collect (file:///C:/Users/shyam/OneDrive/Desktop/2025%20Projects/reddit/reflectiq/node_modules/@vitest/runner/dist/index.js:735:10)\n    at Object.collect (file:///C:/Users/shyam/OneDrive/Desktop/2025%20Projects/reddit/reflectiq/node_modules/@vitest/runner/dist/index.js:739:54)\n    at Object.collect (file:///C:/Users/shyam/OneDrive/Desktop/2025%20Projects/reddit/reflectiq/node_modules/@vitest/runner/dist/index.js:739:46)\n    at Object.collect (file:///C:/Users/shyam/OneDrive/Desktop/2025%20Projects/reddit/reflectiq/node_modules/@vitest/runner/dist/index.js:739:46)\n    at collectTests (file:///C:/Users/shyam/OneDrive/Desktop/2025%20Projects/reddit/reflectiq/node_modules/@vitest/runner/dist/index.js:1048:25)\n    at startTests (file:///C:/Users/shyam/OneDrive/Desktop/2025%20Projects/reddit/reflectiq/node_modules/@vitest/runner/dist/index.js:1556:17)\n    at file:///C:/Users/shyam/OneDrive/Desktop/2025%20Projects/reddit/reflectiq/node_modules/vitest/dist/chunks/base.B04-CjXH.js:76:64\n    at withEnv (file:///C:/Users/shyam/OneDrive/Desktop/2025%20Projects/reddit/reflectiq/node_modules/vitest/dist/chunks/base.B04-CjXH.js:57:3)"],"meta":{}},{"ancestorTitles":["Comprehensive System Tests - Guaranteed Puzzle Generation","Load and Performance Tests"],"fullName":"Comprehensive System Tests - Guaranteed Puzzle Generation Load and Performance Tests should handle concurrent generation requests","status":"passed","title":"should handle concurrent generation requests","duration":9098.398199999996,"failureMessages":[],"meta":{}},{"ancestorTitles":["Comprehensive System Tests - Guaranteed Puzzle Generation","Load and Performance Tests"],"fullName":"Comprehensive System Tests - Guaranteed Puzzle Generation Load and Performance Tests should maintain performance under sustained load","status":"failed","title":"should maintain performance under sustained load","duration":9078.388799999986,"failureMessages":["AssertionError: expected 9077 to be less than 8000\n    at C:/Users/shyam/OneDrive/Desktop/2025 Projects/reddit/reflectiq/src/server/tests/system/comprehensive-system.test.ts:398:32\n    at file:///C:/Users/shyam/OneDrive/Desktop/2025%20Projects/reddit/reflectiq/node_modules/@vitest/runner/dist/index.js:753:20"],"meta":{}},{"ancestorTitles":["Comprehensive System Tests - Guaranteed Puzzle Generation","Load and Performance Tests"],"fullName":"Comprehensive System Tests - Guaranteed Puzzle Generation Load and Performance Tests should handle memory efficiently during extended operation","status":"failed","title":"should handle memory efficiently during extended operation","duration":60003.6507,"failureMessages":["Error: STACK_TRACE_ERROR\n    at task (file:///C:/Users/shyam/OneDrive/Desktop/2025%20Projects/reddit/reflectiq/node_modules/@vitest/runner/dist/index.js:633:27)\n    at Object.<anonymous> (file:///C:/Users/shyam/OneDrive/Desktop/2025%20Projects/reddit/reflectiq/node_modules/@vitest/runner/dist/index.js:660:16)\n    at Object.<anonymous> (file:///C:/Users/shyam/OneDrive/Desktop/2025%20Projects/reddit/reflectiq/node_modules/@vitest/runner/dist/index.js:457:28)\n    at chain (file:///C:/Users/shyam/OneDrive/Desktop/2025%20Projects/reddit/reflectiq/node_modules/@vitest/runner/dist/chunk-tasks.js:9:14)\n    at C:/Users/shyam/OneDrive/Desktop/2025 Projects/reddit/reflectiq/src/server/tests/system/comprehensive-system.test.ts:416:5\n    at file:///C:/Users/shyam/OneDrive/Desktop/2025%20Projects/reddit/reflectiq/node_modules/@vitest/runner/dist/index.js:735:40\n    at runWithSuite (file:///C:/Users/shyam/OneDrive/Desktop/2025%20Projects/reddit/reflectiq/node_modules/@vitest/runner/dist/index.js:1588:8)\n    at Object.collect (file:///C:/Users/shyam/OneDrive/Desktop/2025%20Projects/reddit/reflectiq/node_modules/@vitest/runner/dist/index.js:735:10)\n    at Object.collect (file:///C:/Users/shyam/OneDrive/Desktop/2025%20Projects/reddit/reflectiq/node_modules/@vitest/runner/dist/index.js:739:54)\n    at Object.collect (file:///C:/Users/shyam/OneDrive/Desktop/2025%20Projects/reddit/reflectiq/node_modules/@vitest/runner/dist/index.js:739:46)\n    at collectTests (file:///C:/Users/shyam/OneDrive/Desktop/2025%20Projects/reddit/reflectiq/node_modules/@vitest/runner/dist/index.js:1048:25)\n    at startTests (file:///C:/Users/shyam/OneDrive/Desktop/2025%20Projects/reddit/reflectiq/node_modules/@vitest/runner/dist/index.js:1556:17)\n    at file:///C:/Users/shyam/OneDrive/Desktop/2025%20Projects/reddit/reflectiq/node_modules/vitest/dist/chunks/base.B04-CjXH.js:76:64\n    at withEnv (file:///C:/Users/shyam/OneDrive/Desktop/2025%20Projects/reddit/reflectiq/node_modules/vitest/dist/chunks/base.B04-CjXH.js:57:3)\n    at run (file:///C:/Users/shyam/OneDrive/Desktop/2025%20Projects/reddit/reflectiq/node_modules/vitest/dist/chunks/base.B04-CjXH.js:72:144)"],"meta":{}},{"ancestorTitles":["Comprehensive System Tests - Guaranteed Puzzle Generation","Error Handling and Recovery Tests"],"fullName":"Comprehensive System Tests - Guaranteed Puzzle Generation Error Handling and Recovery Tests should gracefully handle generation failures with fallback","status":"passed","title":"should gracefully handle generation failures with fallback","duration":12172.820799999987,"failureMessages":[],"meta":{}},{"ancestorTitles":["Comprehensive System Tests - Guaranteed Puzzle Generation","Error Handling and Recovery Tests"],"fullName":"Comprehensive System Tests - Guaranteed Puzzle Generation Error Handling and Recovery Tests should handle timeout scenarios appropriately","status":"passed","title":"should handle timeout scenarios appropriately","duration":9120.863500000007,"failureMessages":[],"meta":{}},{"ancestorTitles":["Comprehensive System Tests - Guaranteed Puzzle Generation","Integration and Compatibility Tests"],"fullName":"Comprehensive System Tests - Guaranteed Puzzle Generation Integration and Compatibility Tests should maintain backward compatibility with existing systems","status":"failed","title":"should maintain backward compatibility with existing systems","duration":88.20089999999618,"failureMessages":["Error: Failed to generate valid Hard puzzle after 100 attempts\n    at PuzzleGenerator.createPuzzle (C:/Users/shyam/OneDrive/Desktop/2025 Projects/reddit/reflectiq/src/shared/puzzle/PuzzleGenerator.ts:274:11)\n    at PuzzleGenerator.generateDailyPuzzles (C:/Users/shyam/OneDrive/Desktop/2025 Projects/reddit/reflectiq/src/shared/puzzle/PuzzleGenerator.ts:44:13)\n    at C:/Users/shyam/OneDrive/Desktop/2025 Projects/reddit/reflectiq/src/server/tests/system/comprehensive-system.test.ts:520:28\n    at file:///C:/Users/shyam/OneDrive/Desktop/2025%20Projects/reddit/reflectiq/node_modules/@vitest/runner/dist/index.js:753:20"],"meta":{}},{"ancestorTitles":["Comprehensive System Tests - Guaranteed Puzzle Generation","Integration and Compatibility Tests"],"fullName":"Comprehensive System Tests - Guaranteed Puzzle Generation Integration and Compatibility Tests should integrate properly with caching and storage systems","status":"failed","title":"should integrate properly with caching and storage systems","duration":9075.25529999999,"failureMessages":["TypeError: cacheManager.storePuzzle is not a function\n    at C:/Users/shyam/OneDrive/Desktop/2025 Projects/reddit/reflectiq/src/server/tests/system/comprehensive-system.test.ts:542:26\n    at file:///C:/Users/shyam/OneDrive/Desktop/2025%20Projects/reddit/reflectiq/node_modules/@vitest/runner/dist/index.js:753:20"],"meta":{}},{"ancestorTitles":["Comprehensive System Tests - Guaranteed Puzzle Generation","Quality Assurance Tests"],"fullName":"Comprehensive System Tests - Guaranteed Puzzle Generation Quality Assurance Tests should maintain consistent puzzle quality metrics","status":"failed","title":"should maintain consistent puzzle quality metrics","duration":27192.49449999997,"failureMessages":["AssertionError: expected 36.666666666666664 to be greater than 80\n    at C:/Users/shyam/OneDrive/Desktop/2025 Projects/reddit/reflectiq/src/server/tests/system/comprehensive-system.test.ts:590:26\n    at file:///C:/Users/shyam/OneDrive/Desktop/2025%20Projects/reddit/reflectiq/node_modules/@vitest/runner/dist/index.js:753:20"],"meta":{}},{"ancestorTitles":["Comprehensive System Tests - Guaranteed Puzzle Generation","Quality Assurance Tests"],"fullName":"Comprehensive System Tests - Guaranteed Puzzle Generation Quality Assurance Tests should generate puzzles with appropriate complexity for each difficulty","status":"failed","title":"should generate puzzles with appropriate complexity for each difficulty","duration":18129.8934,"failureMessages":["AssertionError: expected 6 to be less than or equal to 5\n    at C:/Users/shyam/OneDrive/Desktop/2025 Projects/reddit/reflectiq/src/server/tests/system/comprehensive-system.test.ts:616:33\n    at file:///C:/Users/shyam/OneDrive/Desktop/2025%20Projects/reddit/reflectiq/node_modules/@vitest/runner/dist/index.js:753:20"],"meta":{}}],"startTime":1762352501334,"endTime":1762352814341.8933,"status":"failed","message":"","name":"C:/Users/shyam/OneDrive/Desktop/2025 Projects/reddit/reflectiq/src/server/tests/system/comprehensive-system.test.ts"}]}